{"/Users/sarastrong/Desktop/Springboard/Projects/express-jobly/app.js": {"path":"/Users/sarastrong/Desktop/Springboard/Projects/express-jobly/app.js","statementMap":{"0":{"start":{"line":5,"column":16},"end":{"line":5,"column":34}},"1":{"start":{"line":6,"column":13},"end":{"line":6,"column":28}},"2":{"start":{"line":8,"column":26},"end":{"line":8,"column":51}},"3":{"start":{"line":10,"column":28},"end":{"line":10,"column":56}},"4":{"start":{"line":11,"column":19},"end":{"line":11,"column":43}},"5":{"start":{"line":12,"column":24},"end":{"line":12,"column":53}},"6":{"start":{"line":13,"column":20},"end":{"line":13,"column":45}},"7":{"start":{"line":14,"column":19},"end":{"line":14,"column":43}},"8":{"start":{"line":16,"column":15},"end":{"line":16,"column":32}},"9":{"start":{"line":17,"column":19},"end":{"line":17,"column":41}},"10":{"start":{"line":19,"column":12},"end":{"line":19,"column":21}},"11":{"start":{"line":21,"column":0},"end":{"line":21,"column":16}},"12":{"start":{"line":22,"column":0},"end":{"line":22,"column":24}},"13":{"start":{"line":23,"column":0},"end":{"line":23,"column":24}},"14":{"start":{"line":24,"column":0},"end":{"line":24,"column":25}},"15":{"start":{"line":25,"column":0},"end":{"line":25,"column":52}},"16":{"start":{"line":26,"column":0},"end":{"line":26,"column":27}},"17":{"start":{"line":28,"column":0},"end":{"line":28,"column":29}},"18":{"start":{"line":29,"column":0},"end":{"line":29,"column":39}},"19":{"start":{"line":30,"column":0},"end":{"line":30,"column":31}},"20":{"start":{"line":31,"column":0},"end":{"line":31,"column":29}},"21":{"start":{"line":34,"column":0},"end":{"line":36,"column":3}},"22":{"start":{"line":35,"column":2},"end":{"line":35,"column":35}},"23":{"start":{"line":39,"column":0},"end":{"line":47,"column":3}},"24":{"start":{"line":40,"column":2},"end":{"line":40,"column":64}},"25":{"start":{"line":40,"column":39},"end":{"line":40,"column":64}},"26":{"start":{"line":41,"column":17},"end":{"line":41,"column":34}},"27":{"start":{"line":42,"column":18},"end":{"line":42,"column":29}},"28":{"start":{"line":44,"column":2},"end":{"line":46,"column":5}},"29":{"start":{"line":49,"column":0},"end":{"line":49,"column":21}}},"fnMap":{"0":{"name":"(anonymous_0)","decl":{"start":{"line":34,"column":8},"end":{"line":34,"column":9}},"loc":{"start":{"line":34,"column":34},"end":{"line":36,"column":1}},"line":34},"1":{"name":"(anonymous_1)","decl":{"start":{"line":39,"column":8},"end":{"line":39,"column":9}},"loc":{"start":{"line":39,"column":39},"end":{"line":47,"column":1}},"line":39}},"branchMap":{"0":{"loc":{"start":{"line":40,"column":2},"end":{"line":40,"column":64}},"type":"if","locations":[{"start":{"line":40,"column":2},"end":{"line":40,"column":64}},{"start":{"line":40,"column":2},"end":{"line":40,"column":64}}],"line":40},"1":{"loc":{"start":{"line":41,"column":17},"end":{"line":41,"column":34}},"type":"binary-expr","locations":[{"start":{"line":41,"column":17},"end":{"line":41,"column":27}},{"start":{"line":41,"column":31},"end":{"line":41,"column":34}}],"line":41}},"s":{"0":5,"1":5,"2":5,"3":5,"4":5,"5":5,"6":5,"7":5,"8":5,"9":5,"10":5,"11":5,"12":5,"13":5,"14":5,"15":5,"16":5,"17":5,"18":5,"19":5,"20":5,"21":5,"22":2,"23":5,"24":49,"25":1,"26":49,"27":49,"28":49,"29":5},"f":{"0":2,"1":49},"b":{"0":[1,48],"1":[49,3]},"_coverageSchema":"1a1c01bbd47fc00a2c39e90264f33305004495a9","hash":"8d2b438b14c6549ea1780ac96e9fddc57573e728"}
,"/Users/sarastrong/Desktop/Springboard/Projects/express-jobly/config.js": {"path":"/Users/sarastrong/Desktop/Springboard/Projects/express-jobly/config.js","statementMap":{"0":{"start":{"line":5,"column":0},"end":{"line":5,"column":27}},"1":{"start":{"line":6,"column":0},"end":{"line":6,"column":18}},"2":{"start":{"line":8,"column":19},"end":{"line":8,"column":57}},"3":{"start":{"line":10,"column":13},"end":{"line":10,"column":38}},"4":{"start":{"line":14,"column":2},"end":{"line":16,"column":44}},"5":{"start":{"line":22,"column":27},"end":{"line":22,"column":67}},"6":{"start":{"line":24,"column":0},"end":{"line":24,"column":35}},"7":{"start":{"line":25,"column":0},"end":{"line":25,"column":46}},"8":{"start":{"line":26,"column":0},"end":{"line":26,"column":45}},"9":{"start":{"line":27,"column":0},"end":{"line":27,"column":61}},"10":{"start":{"line":28,"column":0},"end":{"line":28,"column":50}},"11":{"start":{"line":29,"column":0},"end":{"line":29,"column":19}},"12":{"start":{"line":31,"column":0},"end":{"line":36,"column":2}}},"fnMap":{"0":{"name":"getDatabaseUri","decl":{"start":{"line":13,"column":9},"end":{"line":13,"column":23}},"loc":{"start":{"line":13,"column":26},"end":{"line":17,"column":1}},"line":13}},"branchMap":{"0":{"loc":{"start":{"line":8,"column":19},"end":{"line":8,"column":57}},"type":"binary-expr","locations":[{"start":{"line":8,"column":19},"end":{"line":8,"column":41}},{"start":{"line":8,"column":45},"end":{"line":8,"column":57}}],"line":8},"1":{"loc":{"start":{"line":10,"column":13},"end":{"line":10,"column":38}},"type":"binary-expr","locations":[{"start":{"line":10,"column":13},"end":{"line":10,"column":30}},{"start":{"line":10,"column":34},"end":{"line":10,"column":38}}],"line":10},"2":{"loc":{"start":{"line":14,"column":9},"end":{"line":16,"column":43}},"type":"cond-expr","locations":[{"start":{"line":15,"column":8},"end":{"line":15,"column":20}},{"start":{"line":16,"column":8},"end":{"line":16,"column":43}}],"line":14},"3":{"loc":{"start":{"line":16,"column":8},"end":{"line":16,"column":43}},"type":"binary-expr","locations":[{"start":{"line":16,"column":8},"end":{"line":16,"column":32}},{"start":{"line":16,"column":36},"end":{"line":16,"column":43}}],"line":16},"4":{"loc":{"start":{"line":22,"column":27},"end":{"line":22,"column":67}},"type":"cond-expr","locations":[{"start":{"line":22,"column":61},"end":{"line":22,"column":62}},{"start":{"line":22,"column":65},"end":{"line":22,"column":67}}],"line":22}},"s":{"0":11,"1":11,"2":11,"3":11,"4":22,"5":11,"6":11,"7":11,"8":11,"9":11,"10":11,"11":11,"12":11},"f":{"0":22},"b":{"0":[11,10],"1":[11,10],"2":[19,3],"3":[3,1],"4":[10,1]},"_coverageSchema":"1a1c01bbd47fc00a2c39e90264f33305004495a9","hash":"4654313f2e6afbb22bab337f43ce35c5f7e760fd"}
,"/Users/sarastrong/Desktop/Springboard/Projects/express-jobly/db.js": {"path":"/Users/sarastrong/Desktop/Springboard/Projects/express-jobly/db.js","statementMap":{"0":{"start":{"line":5,"column":19},"end":{"line":5,"column":32}},"1":{"start":{"line":6,"column":27},"end":{"line":6,"column":46}},"2":{"start":{"line":8,"column":11},"end":{"line":10,"column":2}},"3":{"start":{"line":12,"column":0},"end":{"line":12,"column":13}},"4":{"start":{"line":14,"column":0},"end":{"line":14,"column":20}}},"fnMap":{},"branchMap":{},"s":{"0":8,"1":8,"2":8,"3":8,"4":8},"f":{},"b":{},"_coverageSchema":"1a1c01bbd47fc00a2c39e90264f33305004495a9","hash":"d002b36ecde061599e32676528417a33d4242b42"}
,"/Users/sarastrong/Desktop/Springboard/Projects/express-jobly/expressError.js": {"path":"/Users/sarastrong/Desktop/Springboard/Projects/express-jobly/expressError.js","statementMap":{"0":{"start":{"line":9,"column":4},"end":{"line":9,"column":12}},"1":{"start":{"line":10,"column":4},"end":{"line":10,"column":27}},"2":{"start":{"line":11,"column":4},"end":{"line":11,"column":25}},"3":{"start":{"line":19,"column":4},"end":{"line":19,"column":24}},"4":{"start":{"line":27,"column":4},"end":{"line":27,"column":24}},"5":{"start":{"line":35,"column":4},"end":{"line":35,"column":24}},"6":{"start":{"line":43,"column":4},"end":{"line":43,"column":24}},"7":{"start":{"line":47,"column":0},"end":{"line":53,"column":2}}},"fnMap":{"0":{"name":"(anonymous_0)","decl":{"start":{"line":8,"column":2},"end":{"line":8,"column":3}},"loc":{"start":{"line":8,"column":31},"end":{"line":12,"column":3}},"line":8},"1":{"name":"(anonymous_1)","decl":{"start":{"line":18,"column":2},"end":{"line":18,"column":3}},"loc":{"start":{"line":18,"column":37},"end":{"line":20,"column":3}},"line":18},"2":{"name":"(anonymous_2)","decl":{"start":{"line":26,"column":2},"end":{"line":26,"column":3}},"loc":{"start":{"line":26,"column":40},"end":{"line":28,"column":3}},"line":26},"3":{"name":"(anonymous_3)","decl":{"start":{"line":34,"column":2},"end":{"line":34,"column":3}},"loc":{"start":{"line":34,"column":39},"end":{"line":36,"column":3}},"line":34},"4":{"name":"(anonymous_4)","decl":{"start":{"line":42,"column":2},"end":{"line":42,"column":3}},"loc":{"start":{"line":42,"column":39},"end":{"line":44,"column":3}},"line":42}},"branchMap":{"0":{"loc":{"start":{"line":18,"column":14},"end":{"line":18,"column":35}},"type":"default-arg","locations":[{"start":{"line":18,"column":24},"end":{"line":18,"column":35}}],"line":18},"1":{"loc":{"start":{"line":26,"column":14},"end":{"line":26,"column":38}},"type":"default-arg","locations":[{"start":{"line":26,"column":24},"end":{"line":26,"column":38}}],"line":26},"2":{"loc":{"start":{"line":34,"column":14},"end":{"line":34,"column":37}},"type":"default-arg","locations":[{"start":{"line":34,"column":24},"end":{"line":34,"column":37}}],"line":34},"3":{"loc":{"start":{"line":42,"column":14},"end":{"line":42,"column":37}},"type":"default-arg","locations":[{"start":{"line":42,"column":24},"end":{"line":42,"column":37}}],"line":42}},"s":{"0":69,"1":69,"2":69,"3":20,"4":24,"5":25,"6":0,"7":10},"f":{"0":69,"1":20,"2":24,"3":25,"4":0},"b":{"0":[2],"1":[20],"2":[0],"3":[0]},"_coverageSchema":"1a1c01bbd47fc00a2c39e90264f33305004495a9","hash":"788310698494f50130394e5831e88ba5caf548ba"}
,"/Users/sarastrong/Desktop/Springboard/Projects/express-jobly/helpers/sql.js": {"path":"/Users/sarastrong/Desktop/Springboard/Projects/express-jobly/helpers/sql.js","statementMap":{"0":{"start":{"line":1,"column":10},"end":{"line":1,"column":25}},"1":{"start":{"line":2,"column":28},"end":{"line":2,"column":54}},"2":{"start":{"line":19,"column":15},"end":{"line":19,"column":40}},"3":{"start":{"line":20,"column":2},"end":{"line":20,"column":62}},"4":{"start":{"line":20,"column":25},"end":{"line":20,"column":62}},"5":{"start":{"line":23,"column":15},"end":{"line":25,"column":3}},"6":{"start":{"line":24,"column":22},"end":{"line":24,"column":68}},"7":{"start":{"line":27,"column":2},"end":{"line":30,"column":4}},"8":{"start":{"line":40,"column":15},"end":{"line":40,"column":42}},"9":{"start":{"line":41,"column":2},"end":{"line":43,"column":3}},"10":{"start":{"line":42,"column":4},"end":{"line":42,"column":17}},"11":{"start":{"line":44,"column":2},"end":{"line":46,"column":3}},"12":{"start":{"line":45,"column":4},"end":{"line":45,"column":49}},"13":{"start":{"line":47,"column":18},"end":{"line":47,"column":20}},"14":{"start":{"line":48,"column":2},"end":{"line":59,"column":3}},"15":{"start":{"line":48,"column":15},"end":{"line":48,"column":16}},"16":{"start":{"line":49,"column":4},"end":{"line":58,"column":5}},"17":{"start":{"line":50,"column":6},"end":{"line":50,"column":45}},"18":{"start":{"line":51,"column":6},"end":{"line":51,"column":55}},"19":{"start":{"line":52,"column":11},"end":{"line":58,"column":5}},"20":{"start":{"line":53,"column":6},"end":{"line":53,"column":51}},"21":{"start":{"line":54,"column":11},"end":{"line":58,"column":5}},"22":{"start":{"line":55,"column":6},"end":{"line":55,"column":51}},"23":{"start":{"line":57,"column":6},"end":{"line":57,"column":64}},"24":{"start":{"line":61,"column":2},"end":{"line":64,"column":4}},"25":{"start":{"line":68,"column":15},"end":{"line":68,"column":42}},"26":{"start":{"line":69,"column":2},"end":{"line":71,"column":3}},"27":{"start":{"line":70,"column":4},"end":{"line":70,"column":17}},"28":{"start":{"line":72,"column":2},"end":{"line":74,"column":3}},"29":{"start":{"line":73,"column":4},"end":{"line":73,"column":49}},"30":{"start":{"line":75,"column":18},"end":{"line":75,"column":20}},"31":{"start":{"line":76,"column":2},"end":{"line":89,"column":3}},"32":{"start":{"line":76,"column":15},"end":{"line":76,"column":16}},"33":{"start":{"line":77,"column":4},"end":{"line":88,"column":5}},"34":{"start":{"line":78,"column":6},"end":{"line":78,"column":46}},"35":{"start":{"line":79,"column":6},"end":{"line":79,"column":57}},"36":{"start":{"line":80,"column":11},"end":{"line":88,"column":5}},"37":{"start":{"line":81,"column":6},"end":{"line":81,"column":44}},"38":{"start":{"line":82,"column":11},"end":{"line":88,"column":5}},"39":{"start":{"line":83,"column":6},"end":{"line":85,"column":7}},"40":{"start":{"line":84,"column":8},"end":{"line":84,"column":37}},"41":{"start":{"line":87,"column":6},"end":{"line":87,"column":64}},"42":{"start":{"line":90,"column":21},"end":{"line":90,"column":50}},"43":{"start":{"line":91,"column":17},"end":{"line":91,"column":72}},"44":{"start":{"line":91,"column":44},"end":{"line":91,"column":71}},"45":{"start":{"line":93,"column":2},"end":{"line":96,"column":4}},"46":{"start":{"line":99,"column":0},"end":{"line":99,"column":79}}},"fnMap":{"0":{"name":"sqlForPartialUpdate","decl":{"start":{"line":18,"column":9},"end":{"line":18,"column":28}},"loc":{"start":{"line":18,"column":52},"end":{"line":31,"column":1}},"line":18},"1":{"name":"(anonymous_1)","decl":{"start":{"line":24,"column":4},"end":{"line":24,"column":5}},"loc":{"start":{"line":24,"column":22},"end":{"line":24,"column":68}},"line":24},"2":{"name":"sqlForCompanyFilter","decl":{"start":{"line":39,"column":9},"end":{"line":39,"column":28}},"loc":{"start":{"line":39,"column":45},"end":{"line":65,"column":1}},"line":39},"3":{"name":"sqlForJobFilter","decl":{"start":{"line":67,"column":9},"end":{"line":67,"column":24}},"loc":{"start":{"line":67,"column":41},"end":{"line":97,"column":1}},"line":67},"4":{"name":"(anonymous_4)","decl":{"start":{"line":91,"column":35},"end":{"line":91,"column":36}},"loc":{"start":{"line":91,"column":44},"end":{"line":91,"column":71}},"line":91}},"branchMap":{"0":{"loc":{"start":{"line":20,"column":2},"end":{"line":20,"column":62}},"type":"if","locations":[{"start":{"line":20,"column":2},"end":{"line":20,"column":62}},{"start":{"line":20,"column":2},"end":{"line":20,"column":62}}],"line":20},"1":{"loc":{"start":{"line":24,"column":26},"end":{"line":24,"column":53}},"type":"binary-expr","locations":[{"start":{"line":24,"column":26},"end":{"line":24,"column":42}},{"start":{"line":24,"column":46},"end":{"line":24,"column":53}}],"line":24},"2":{"loc":{"start":{"line":41,"column":2},"end":{"line":43,"column":3}},"type":"if","locations":[{"start":{"line":41,"column":2},"end":{"line":43,"column":3}},{"start":{"line":41,"column":2},"end":{"line":43,"column":3}}],"line":41},"3":{"loc":{"start":{"line":44,"column":2},"end":{"line":46,"column":3}},"type":"if","locations":[{"start":{"line":44,"column":2},"end":{"line":46,"column":3}},{"start":{"line":44,"column":2},"end":{"line":46,"column":3}}],"line":44},"4":{"loc":{"start":{"line":49,"column":4},"end":{"line":58,"column":5}},"type":"if","locations":[{"start":{"line":49,"column":4},"end":{"line":58,"column":5}},{"start":{"line":49,"column":4},"end":{"line":58,"column":5}}],"line":49},"5":{"loc":{"start":{"line":52,"column":11},"end":{"line":58,"column":5}},"type":"if","locations":[{"start":{"line":52,"column":11},"end":{"line":58,"column":5}},{"start":{"line":52,"column":11},"end":{"line":58,"column":5}}],"line":52},"6":{"loc":{"start":{"line":54,"column":11},"end":{"line":58,"column":5}},"type":"if","locations":[{"start":{"line":54,"column":11},"end":{"line":58,"column":5}},{"start":{"line":54,"column":11},"end":{"line":58,"column":5}}],"line":54},"7":{"loc":{"start":{"line":69,"column":2},"end":{"line":71,"column":3}},"type":"if","locations":[{"start":{"line":69,"column":2},"end":{"line":71,"column":3}},{"start":{"line":69,"column":2},"end":{"line":71,"column":3}}],"line":69},"8":{"loc":{"start":{"line":72,"column":2},"end":{"line":74,"column":3}},"type":"if","locations":[{"start":{"line":72,"column":2},"end":{"line":74,"column":3}},{"start":{"line":72,"column":2},"end":{"line":74,"column":3}}],"line":72},"9":{"loc":{"start":{"line":77,"column":4},"end":{"line":88,"column":5}},"type":"if","locations":[{"start":{"line":77,"column":4},"end":{"line":88,"column":5}},{"start":{"line":77,"column":4},"end":{"line":88,"column":5}}],"line":77},"10":{"loc":{"start":{"line":80,"column":11},"end":{"line":88,"column":5}},"type":"if","locations":[{"start":{"line":80,"column":11},"end":{"line":88,"column":5}},{"start":{"line":80,"column":11},"end":{"line":88,"column":5}}],"line":80},"11":{"loc":{"start":{"line":82,"column":11},"end":{"line":88,"column":5}},"type":"if","locations":[{"start":{"line":82,"column":11},"end":{"line":88,"column":5}},{"start":{"line":82,"column":11},"end":{"line":88,"column":5}}],"line":82},"12":{"loc":{"start":{"line":83,"column":6},"end":{"line":85,"column":7}},"type":"if","locations":[{"start":{"line":83,"column":6},"end":{"line":85,"column":7}},{"start":{"line":83,"column":6},"end":{"line":85,"column":7}}],"line":83}},"s":{"0":9,"1":9,"2":22,"3":22,"4":4,"5":18,"6":37,"7":18,"8":8,"9":8,"10":1,"11":7,"12":1,"13":6,"14":6,"15":6,"16":13,"17":5,"18":5,"19":8,"20":4,"21":4,"22":3,"23":1,"24":5,"25":9,"26":9,"27":1,"28":8,"29":1,"30":7,"31":7,"32":7,"33":13,"34":5,"35":5,"36":8,"37":4,"38":4,"39":4,"40":3,"41":0,"42":7,"43":7,"44":13,"45":7,"46":9},"f":{"0":22,"1":37,"2":8,"3":9,"4":13},"b":{"0":[4,18],"1":[37,22],"2":[1,7],"3":[1,6],"4":[5,8],"5":[4,4],"6":[3,1],"7":[1,8],"8":[1,7],"9":[5,8],"10":[4,4],"11":[4,0],"12":[3,1]},"_coverageSchema":"1a1c01bbd47fc00a2c39e90264f33305004495a9","hash":"71266f520e05b9af0919d69c8de02519a9f0dbdc"}
,"/Users/sarastrong/Desktop/Springboard/Projects/express-jobly/helpers/tokens.js": {"path":"/Users/sarastrong/Desktop/Springboard/Projects/express-jobly/helpers/tokens.js","statementMap":{"0":{"start":{"line":1,"column":12},"end":{"line":1,"column":35}},"1":{"start":{"line":2,"column":23},"end":{"line":2,"column":43}},"2":{"start":{"line":7,"column":2},"end":{"line":8,"column":58}},"3":{"start":{"line":10,"column":16},"end":{"line":13,"column":3}},"4":{"start":{"line":15,"column":2},"end":{"line":15,"column":39}},"5":{"start":{"line":18,"column":0},"end":{"line":18,"column":33}}},"fnMap":{"0":{"name":"createToken","decl":{"start":{"line":6,"column":9},"end":{"line":6,"column":20}},"loc":{"start":{"line":6,"column":27},"end":{"line":16,"column":1}},"line":6}},"branchMap":{"0":{"loc":{"start":{"line":12,"column":13},"end":{"line":12,"column":34}},"type":"binary-expr","locations":[{"start":{"line":12,"column":13},"end":{"line":12,"column":25}},{"start":{"line":12,"column":29},"end":{"line":12,"column":34}}],"line":12}},"s":{"0":6,"1":6,"2":15,"3":15,"4":15,"5":6},"f":{"0":15},"b":{"0":[15,9]},"_coverageSchema":"1a1c01bbd47fc00a2c39e90264f33305004495a9","hash":"777a191245d8275b8ea1b9d57cc99b09f3f12f69"}
,"/Users/sarastrong/Desktop/Springboard/Projects/express-jobly/middleware/auth.js": {"path":"/Users/sarastrong/Desktop/Springboard/Projects/express-jobly/middleware/auth.js","statementMap":{"0":{"start":{"line":5,"column":12},"end":{"line":5,"column":35}},"1":{"start":{"line":6,"column":23},"end":{"line":6,"column":43}},"2":{"start":{"line":7,"column":30},"end":{"line":7,"column":56}},"3":{"start":{"line":18,"column":2},"end":{"line":27,"column":3}},"4":{"start":{"line":19,"column":23},"end":{"line":19,"column":63}},"5":{"start":{"line":20,"column":4},"end":{"line":23,"column":5}},"6":{"start":{"line":21,"column":20},"end":{"line":21,"column":64}},"7":{"start":{"line":22,"column":6},"end":{"line":22,"column":54}},"8":{"start":{"line":24,"column":4},"end":{"line":24,"column":18}},"9":{"start":{"line":26,"column":4},"end":{"line":26,"column":18}},"10":{"start":{"line":36,"column":2},"end":{"line":41,"column":3}},"11":{"start":{"line":37,"column":4},"end":{"line":37,"column":56}},"12":{"start":{"line":37,"column":26},"end":{"line":37,"column":56}},"13":{"start":{"line":38,"column":4},"end":{"line":38,"column":18}},"14":{"start":{"line":40,"column":4},"end":{"line":40,"column":21}},"15":{"start":{"line":50,"column":2},"end":{"line":57,"column":3}},"16":{"start":{"line":51,"column":4},"end":{"line":53,"column":5}},"17":{"start":{"line":52,"column":6},"end":{"line":52,"column":36}},"18":{"start":{"line":54,"column":4},"end":{"line":54,"column":18}},"19":{"start":{"line":56,"column":4},"end":{"line":56,"column":21}},"20":{"start":{"line":61,"column":2},"end":{"line":69,"column":3}},"21":{"start":{"line":62,"column":17},"end":{"line":62,"column":32}},"22":{"start":{"line":63,"column":4},"end":{"line":65,"column":5}},"23":{"start":{"line":64,"column":6},"end":{"line":64,"column":36}},"24":{"start":{"line":66,"column":4},"end":{"line":66,"column":18}},"25":{"start":{"line":68,"column":4},"end":{"line":68,"column":21}},"26":{"start":{"line":72,"column":0},"end":{"line":77,"column":2}}},"fnMap":{"0":{"name":"authenticateJWT","decl":{"start":{"line":17,"column":9},"end":{"line":17,"column":24}},"loc":{"start":{"line":17,"column":41},"end":{"line":28,"column":1}},"line":17},"1":{"name":"ensureLoggedIn","decl":{"start":{"line":35,"column":9},"end":{"line":35,"column":23}},"loc":{"start":{"line":35,"column":40},"end":{"line":42,"column":1}},"line":35},"2":{"name":"ensureAdmin","decl":{"start":{"line":49,"column":9},"end":{"line":49,"column":20}},"loc":{"start":{"line":49,"column":37},"end":{"line":58,"column":1}},"line":49},"3":{"name":"ensureAdminOrCorrectUser","decl":{"start":{"line":60,"column":9},"end":{"line":60,"column":33}},"loc":{"start":{"line":60,"column":50},"end":{"line":70,"column":1}},"line":60}},"branchMap":{"0":{"loc":{"start":{"line":19,"column":23},"end":{"line":19,"column":63}},"type":"binary-expr","locations":[{"start":{"line":19,"column":23},"end":{"line":19,"column":34}},{"start":{"line":19,"column":38},"end":{"line":19,"column":63}}],"line":19},"1":{"loc":{"start":{"line":20,"column":4},"end":{"line":23,"column":5}},"type":"if","locations":[{"start":{"line":20,"column":4},"end":{"line":23,"column":5}},{"start":{"line":20,"column":4},"end":{"line":23,"column":5}}],"line":20},"2":{"loc":{"start":{"line":37,"column":4},"end":{"line":37,"column":56}},"type":"if","locations":[{"start":{"line":37,"column":4},"end":{"line":37,"column":56}},{"start":{"line":37,"column":4},"end":{"line":37,"column":56}}],"line":37},"3":{"loc":{"start":{"line":51,"column":4},"end":{"line":53,"column":5}},"type":"if","locations":[{"start":{"line":51,"column":4},"end":{"line":53,"column":5}},{"start":{"line":51,"column":4},"end":{"line":53,"column":5}}],"line":51},"4":{"loc":{"start":{"line":51,"column":8},"end":{"line":51,"column":52}},"type":"binary-expr","locations":[{"start":{"line":51,"column":8},"end":{"line":51,"column":24}},{"start":{"line":51,"column":28},"end":{"line":51,"column":52}}],"line":51},"5":{"loc":{"start":{"line":63,"column":4},"end":{"line":65,"column":5}},"type":"if","locations":[{"start":{"line":63,"column":4},"end":{"line":65,"column":5}},{"start":{"line":63,"column":4},"end":{"line":65,"column":5}}],"line":63},"6":{"loc":{"start":{"line":63,"column":10},"end":{"line":63,"column":73}},"type":"binary-expr","locations":[{"start":{"line":63,"column":10},"end":{"line":63,"column":14}},{"start":{"line":63,"column":19},"end":{"line":63,"column":31}},{"start":{"line":63,"column":35},"end":{"line":63,"column":72}}],"line":63}},"s":{"0":6,"1":6,"2":6,"3":75,"4":75,"5":75,"6":47,"7":47,"8":74,"9":1,"10":2,"11":2,"12":1,"13":1,"14":1,"15":38,"16":38,"17":12,"18":26,"19":12,"20":20,"21":20,"22":20,"23":7,"24":13,"25":7,"26":6},"f":{"0":75,"1":2,"2":38,"3":20},"b":{"0":[75,74],"1":[47,28],"2":[1,1],"3":[12,26],"4":[38,31],"5":[7,13],"6":[20,16,7]},"_coverageSchema":"1a1c01bbd47fc00a2c39e90264f33305004495a9","hash":"5b8577886d6e0e3c87252a77d1e921d45f328630"}
,"/Users/sarastrong/Desktop/Springboard/Projects/express-jobly/models/_testCommon.js": {"path":"/Users/sarastrong/Desktop/Springboard/Projects/express-jobly/models/_testCommon.js","statementMap":{"0":{"start":{"line":1,"column":15},"end":{"line":1,"column":32}},"1":{"start":{"line":3,"column":11},"end":{"line":3,"column":30}},"2":{"start":{"line":4,"column":31},"end":{"line":4,"column":51}},"3":{"start":{"line":6,"column":19},"end":{"line":6,"column":21}},"4":{"start":{"line":10,"column":2},"end":{"line":10,"column":42}},"5":{"start":{"line":12,"column":2},"end":{"line":12,"column":38}},"6":{"start":{"line":14,"column":2},"end":{"line":14,"column":37}},"7":{"start":{"line":16,"column":2},"end":{"line":20,"column":55}},"8":{"start":{"line":22,"column":2},"end":{"line":36,"column":4}},"9":{"start":{"line":38,"column":22},"end":{"line":44,"column":18}},"10":{"start":{"line":45,"column":2},"end":{"line":45,"column":64}},"11":{"start":{"line":45,"column":57},"end":{"line":45,"column":61}},"12":{"start":{"line":49,"column":2},"end":{"line":49,"column":26}},"13":{"start":{"line":53,"column":2},"end":{"line":53,"column":29}},"14":{"start":{"line":57,"column":2},"end":{"line":57,"column":17}},"15":{"start":{"line":60,"column":0},"end":{"line":66,"column":2}}},"fnMap":{"0":{"name":"commonBeforeAll","decl":{"start":{"line":8,"column":15},"end":{"line":8,"column":30}},"loc":{"start":{"line":8,"column":33},"end":{"line":46,"column":1}},"line":8},"1":{"name":"(anonymous_1)","decl":{"start":{"line":45,"column":50},"end":{"line":45,"column":51}},"loc":{"start":{"line":45,"column":57},"end":{"line":45,"column":61}},"line":45},"2":{"name":"commonBeforeEach","decl":{"start":{"line":48,"column":15},"end":{"line":48,"column":31}},"loc":{"start":{"line":48,"column":34},"end":{"line":50,"column":1}},"line":48},"3":{"name":"commonAfterEach","decl":{"start":{"line":52,"column":15},"end":{"line":52,"column":30}},"loc":{"start":{"line":52,"column":33},"end":{"line":54,"column":1}},"line":52},"4":{"name":"commonAfterAll","decl":{"start":{"line":56,"column":15},"end":{"line":56,"column":29}},"loc":{"start":{"line":56,"column":32},"end":{"line":58,"column":1}},"line":56}},"branchMap":{},"s":{"0":3,"1":3,"2":3,"3":3,"4":3,"5":3,"6":3,"7":3,"8":3,"9":3,"10":3,"11":12,"12":45,"13":45,"14":3,"15":3},"f":{"0":3,"1":12,"2":45,"3":45,"4":3},"b":{},"_coverageSchema":"1a1c01bbd47fc00a2c39e90264f33305004495a9","hash":"b53aa69efd2c185829c4b2827e1630898585e132"}
,"/Users/sarastrong/Desktop/Springboard/Projects/express-jobly/models/company.js": {"path":"/Users/sarastrong/Desktop/Springboard/Projects/express-jobly/models/company.js","statementMap":{"0":{"start":{"line":3,"column":11},"end":{"line":3,"column":27}},"1":{"start":{"line":4,"column":43},"end":{"line":4,"column":69}},"2":{"start":{"line":5,"column":53},"end":{"line":5,"column":78}},"3":{"start":{"line":20,"column":27},"end":{"line":25,"column":5}},"4":{"start":{"line":27,"column":4},"end":{"line":28,"column":64}},"5":{"start":{"line":28,"column":6},"end":{"line":28,"column":64}},"6":{"start":{"line":30,"column":19},"end":{"line":36,"column":5}},"7":{"start":{"line":37,"column":20},"end":{"line":37,"column":34}},"8":{"start":{"line":39,"column":4},"end":{"line":39,"column":19}},"9":{"start":{"line":48,"column":25},"end":{"line":56,"column":5}},"10":{"start":{"line":57,"column":4},"end":{"line":57,"column":29}},"11":{"start":{"line":66,"column":20},"end":{"line":66,"column":49}},"12":{"start":{"line":67,"column":25},"end":{"line":76,"column":5}},"13":{"start":{"line":77,"column":4},"end":{"line":79,"column":5}},"14":{"start":{"line":78,"column":6},"end":{"line":78,"column":19}},"15":{"start":{"line":80,"column":4},"end":{"line":80,"column":29}},"16":{"start":{"line":92,"column":23},"end":{"line":101,"column":5}},"17":{"start":{"line":103,"column":20},"end":{"line":103,"column":38}},"18":{"start":{"line":105,"column":4},"end":{"line":105,"column":67}},"19":{"start":{"line":105,"column":18},"end":{"line":105,"column":67}},"20":{"start":{"line":107,"column":4},"end":{"line":107,"column":19}},"21":{"start":{"line":123,"column":32},"end":{"line":126,"column":6}},"22":{"start":{"line":127,"column":25},"end":{"line":127,"column":50}},"23":{"start":{"line":129,"column":21},"end":{"line":136,"column":54}},"24":{"start":{"line":137,"column":19},"end":{"line":137,"column":64}},"25":{"start":{"line":138,"column":20},"end":{"line":138,"column":34}},"26":{"start":{"line":140,"column":4},"end":{"line":140,"column":67}},"27":{"start":{"line":140,"column":18},"end":{"line":140,"column":67}},"28":{"start":{"line":142,"column":4},"end":{"line":142,"column":19}},"29":{"start":{"line":151,"column":19},"end":{"line":157,"column":5}},"30":{"start":{"line":158,"column":20},"end":{"line":158,"column":34}},"31":{"start":{"line":160,"column":4},"end":{"line":160,"column":67}},"32":{"start":{"line":160,"column":18},"end":{"line":160,"column":67}},"33":{"start":{"line":164,"column":0},"end":{"line":164,"column":25}}},"fnMap":{"0":{"name":"(anonymous_0)","decl":{"start":{"line":19,"column":2},"end":{"line":19,"column":3}},"loc":{"start":{"line":19,"column":76},"end":{"line":40,"column":3}},"line":19},"1":{"name":"(anonymous_1)","decl":{"start":{"line":47,"column":2},"end":{"line":47,"column":3}},"loc":{"start":{"line":47,"column":25},"end":{"line":58,"column":3}},"line":47},"2":{"name":"(anonymous_2)","decl":{"start":{"line":65,"column":2},"end":{"line":65,"column":3}},"loc":{"start":{"line":65,"column":32},"end":{"line":81,"column":3}},"line":65},"3":{"name":"(anonymous_3)","decl":{"start":{"line":91,"column":2},"end":{"line":91,"column":3}},"loc":{"start":{"line":91,"column":27},"end":{"line":108,"column":3}},"line":91},"4":{"name":"(anonymous_4)","decl":{"start":{"line":122,"column":2},"end":{"line":122,"column":3}},"loc":{"start":{"line":122,"column":36},"end":{"line":143,"column":3}},"line":122},"5":{"name":"(anonymous_5)","decl":{"start":{"line":150,"column":2},"end":{"line":150,"column":3}},"loc":{"start":{"line":150,"column":30},"end":{"line":161,"column":3}},"line":150}},"branchMap":{"0":{"loc":{"start":{"line":27,"column":4},"end":{"line":28,"column":64}},"type":"if","locations":[{"start":{"line":27,"column":4},"end":{"line":28,"column":64}},{"start":{"line":27,"column":4},"end":{"line":28,"column":64}}],"line":27},"1":{"loc":{"start":{"line":77,"column":4},"end":{"line":79,"column":5}},"type":"if","locations":[{"start":{"line":77,"column":4},"end":{"line":79,"column":5}},{"start":{"line":77,"column":4},"end":{"line":79,"column":5}}],"line":77},"2":{"loc":{"start":{"line":105,"column":4},"end":{"line":105,"column":67}},"type":"if","locations":[{"start":{"line":105,"column":4},"end":{"line":105,"column":67}},{"start":{"line":105,"column":4},"end":{"line":105,"column":67}}],"line":105},"3":{"loc":{"start":{"line":140,"column":4},"end":{"line":140,"column":67}},"type":"if","locations":[{"start":{"line":140,"column":4},"end":{"line":140,"column":67}},{"start":{"line":140,"column":4},"end":{"line":140,"column":67}}],"line":140},"4":{"loc":{"start":{"line":160,"column":4},"end":{"line":160,"column":67}},"type":"if","locations":[{"start":{"line":160,"column":4},"end":{"line":160,"column":67}},{"start":{"line":160,"column":4},"end":{"line":160,"column":67}}],"line":160}},"s":{"0":6,"1":6,"2":6,"3":16,"4":16,"5":1,"6":15,"7":15,"8":15,"9":3,"10":2,"11":4,"12":4,"13":4,"14":1,"15":3,"16":6,"17":6,"18":6,"19":3,"20":3,"21":6,"22":5,"23":5,"24":5,"25":5,"26":5,"27":2,"28":3,"29":4,"30":4,"31":4,"32":2,"33":6},"f":{"0":16,"1":3,"2":4,"3":6,"4":6,"5":4},"b":{"0":[1,15],"1":[1,3],"2":[3,3],"3":[2,3],"4":[2,2]},"_coverageSchema":"1a1c01bbd47fc00a2c39e90264f33305004495a9","hash":"118a78dcbf41a4a4b4739aae76cea040724b6858"}
,"/Users/sarastrong/Desktop/Springboard/Projects/express-jobly/models/job.js": {"path":"/Users/sarastrong/Desktop/Springboard/Projects/express-jobly/models/job.js","statementMap":{"0":{"start":{"line":3,"column":11},"end":{"line":3,"column":27}},"1":{"start":{"line":4,"column":43},"end":{"line":4,"column":69}},"2":{"start":{"line":5,"column":49},"end":{"line":5,"column":74}},"3":{"start":{"line":18,"column":19},"end":{"line":24,"column":5}},"4":{"start":{"line":25,"column":16},"end":{"line":25,"column":30}},"5":{"start":{"line":27,"column":4},"end":{"line":27,"column":15}},"6":{"start":{"line":36,"column":20},"end":{"line":45,"column":5}},"7":{"start":{"line":46,"column":4},"end":{"line":46,"column":24}},"8":{"start":{"line":55,"column":20},"end":{"line":55,"column":45}},"9":{"start":{"line":56,"column":20},"end":{"line":67,"column":5}},"10":{"start":{"line":68,"column":4},"end":{"line":70,"column":5}},"11":{"start":{"line":69,"column":6},"end":{"line":69,"column":19}},"12":{"start":{"line":71,"column":4},"end":{"line":71,"column":24}},"13":{"start":{"line":81,"column":19},"end":{"line":92,"column":5}},"14":{"start":{"line":94,"column":16},"end":{"line":94,"column":30}},"15":{"start":{"line":96,"column":4},"end":{"line":96,"column":55}},"16":{"start":{"line":96,"column":14},"end":{"line":96,"column":55}},"17":{"start":{"line":98,"column":4},"end":{"line":98,"column":15}},"18":{"start":{"line":113,"column":32},"end":{"line":113,"column":61}},"19":{"start":{"line":114,"column":25},"end":{"line":114,"column":50}},"20":{"start":{"line":116,"column":21},"end":{"line":123,"column":66}},"21":{"start":{"line":124,"column":19},"end":{"line":124,"column":60}},"22":{"start":{"line":125,"column":16},"end":{"line":125,"column":30}},"23":{"start":{"line":127,"column":4},"end":{"line":127,"column":59}},"24":{"start":{"line":127,"column":14},"end":{"line":127,"column":59}},"25":{"start":{"line":129,"column":4},"end":{"line":129,"column":15}},"26":{"start":{"line":138,"column":19},"end":{"line":144,"column":5}},"27":{"start":{"line":145,"column":16},"end":{"line":145,"column":30}},"28":{"start":{"line":147,"column":4},"end":{"line":149,"column":5}},"29":{"start":{"line":148,"column":6},"end":{"line":148,"column":47}},"30":{"start":{"line":153,"column":0},"end":{"line":153,"column":21}}},"fnMap":{"0":{"name":"(anonymous_0)","decl":{"start":{"line":17,"column":2},"end":{"line":17,"column":3}},"loc":{"start":{"line":17,"column":64},"end":{"line":28,"column":3}},"line":17},"1":{"name":"(anonymous_1)","decl":{"start":{"line":35,"column":2},"end":{"line":35,"column":3}},"loc":{"start":{"line":35,"column":25},"end":{"line":47,"column":3}},"line":35},"2":{"name":"(anonymous_2)","decl":{"start":{"line":54,"column":2},"end":{"line":54,"column":3}},"loc":{"start":{"line":54,"column":32},"end":{"line":72,"column":3}},"line":54},"3":{"name":"(anonymous_3)","decl":{"start":{"line":80,"column":2},"end":{"line":80,"column":3}},"loc":{"start":{"line":80,"column":23},"end":{"line":99,"column":3}},"line":80},"4":{"name":"(anonymous_4)","decl":{"start":{"line":112,"column":2},"end":{"line":112,"column":3}},"loc":{"start":{"line":112,"column":32},"end":{"line":130,"column":3}},"line":112},"5":{"name":"(anonymous_5)","decl":{"start":{"line":137,"column":2},"end":{"line":137,"column":3}},"loc":{"start":{"line":137,"column":26},"end":{"line":150,"column":3}},"line":137}},"branchMap":{"0":{"loc":{"start":{"line":68,"column":4},"end":{"line":70,"column":5}},"type":"if","locations":[{"start":{"line":68,"column":4},"end":{"line":70,"column":5}},{"start":{"line":68,"column":4},"end":{"line":70,"column":5}}],"line":68},"1":{"loc":{"start":{"line":96,"column":4},"end":{"line":96,"column":55}},"type":"if","locations":[{"start":{"line":96,"column":4},"end":{"line":96,"column":55}},{"start":{"line":96,"column":4},"end":{"line":96,"column":55}}],"line":96},"2":{"loc":{"start":{"line":127,"column":4},"end":{"line":127,"column":59}},"type":"if","locations":[{"start":{"line":127,"column":4},"end":{"line":127,"column":59}},{"start":{"line":127,"column":4},"end":{"line":127,"column":59}}],"line":127},"3":{"loc":{"start":{"line":147,"column":4},"end":{"line":149,"column":5}},"type":"if","locations":[{"start":{"line":147,"column":4},"end":{"line":149,"column":5}},{"start":{"line":147,"column":4},"end":{"line":149,"column":5}}],"line":147}},"s":{"0":6,"1":6,"2":6,"3":18,"4":18,"5":18,"6":7,"7":6,"8":5,"9":5,"10":5,"11":1,"12":4,"13":3,"14":3,"15":3,"16":1,"17":2,"18":6,"19":5,"20":5,"21":5,"22":5,"23":5,"24":2,"25":3,"26":4,"27":4,"28":4,"29":2,"30":6},"f":{"0":18,"1":7,"2":5,"3":3,"4":6,"5":4},"b":{"0":[1,4],"1":[1,2],"2":[2,3],"3":[2,2]},"_coverageSchema":"1a1c01bbd47fc00a2c39e90264f33305004495a9","hash":"56a761caf896a5de1d6b6803ef82f77332ee7e4f"}
,"/Users/sarastrong/Desktop/Springboard/Projects/express-jobly/models/user.js": {"path":"/Users/sarastrong/Desktop/Springboard/Projects/express-jobly/models/user.js","statementMap":{"0":{"start":{"line":3,"column":11},"end":{"line":3,"column":27}},"1":{"start":{"line":4,"column":15},"end":{"line":4,"column":32}},"2":{"start":{"line":5,"column":32},"end":{"line":5,"column":57}},"3":{"start":{"line":10,"column":4},"end":{"line":10,"column":30}},"4":{"start":{"line":12,"column":31},"end":{"line":12,"column":54}},"5":{"start":{"line":26,"column":19},"end":{"line":36,"column":5}},"6":{"start":{"line":38,"column":17},"end":{"line":38,"column":31}},"7":{"start":{"line":40,"column":4},"end":{"line":47,"column":5}},"8":{"start":{"line":42,"column":22},"end":{"line":42,"column":67}},"9":{"start":{"line":43,"column":6},"end":{"line":46,"column":7}},"10":{"start":{"line":44,"column":8},"end":{"line":44,"column":29}},"11":{"start":{"line":45,"column":8},"end":{"line":45,"column":20}},"12":{"start":{"line":49,"column":4},"end":{"line":49,"column":61}},"13":{"start":{"line":61,"column":27},"end":{"line":66,"column":5}},"14":{"start":{"line":68,"column":4},"end":{"line":70,"column":5}},"15":{"start":{"line":69,"column":6},"end":{"line":69,"column":67}},"16":{"start":{"line":72,"column":27},"end":{"line":72,"column":74}},"17":{"start":{"line":74,"column":19},"end":{"line":92,"column":5}},"18":{"start":{"line":94,"column":17},"end":{"line":94,"column":31}},"19":{"start":{"line":96,"column":4},"end":{"line":96,"column":16}},"20":{"start":{"line":105,"column":19},"end":{"line":113,"column":5}},"21":{"start":{"line":115,"column":4},"end":{"line":115,"column":23}},"22":{"start":{"line":127,"column":20},"end":{"line":136,"column":5}},"23":{"start":{"line":138,"column":17},"end":{"line":138,"column":32}},"24":{"start":{"line":140,"column":4},"end":{"line":140,"column":63}},"25":{"start":{"line":140,"column":15},"end":{"line":140,"column":63}},"26":{"start":{"line":142,"column":4},"end":{"line":142,"column":16}},"27":{"start":{"line":163,"column":4},"end":{"line":165,"column":5}},"28":{"start":{"line":164,"column":6},"end":{"line":164,"column":75}},"29":{"start":{"line":167,"column":32},"end":{"line":173,"column":10}},"30":{"start":{"line":174,"column":27},"end":{"line":174,"column":52}},"31":{"start":{"line":176,"column":21},"end":{"line":183,"column":54}},"32":{"start":{"line":184,"column":19},"end":{"line":184,"column":66}},"33":{"start":{"line":185,"column":17},"end":{"line":185,"column":31}},"34":{"start":{"line":187,"column":4},"end":{"line":187,"column":63}},"35":{"start":{"line":187,"column":15},"end":{"line":187,"column":63}},"36":{"start":{"line":189,"column":4},"end":{"line":189,"column":25}},"37":{"start":{"line":190,"column":4},"end":{"line":190,"column":16}},"38":{"start":{"line":196,"column":17},"end":{"line":202,"column":5}},"39":{"start":{"line":203,"column":17},"end":{"line":203,"column":31}},"40":{"start":{"line":205,"column":4},"end":{"line":205,"column":63}},"41":{"start":{"line":205,"column":15},"end":{"line":205,"column":63}},"42":{"start":{"line":210,"column":0},"end":{"line":210,"column":22}}},"fnMap":{"0":{"name":"(anonymous_0)","decl":{"start":{"line":24,"column":2},"end":{"line":24,"column":3}},"loc":{"start":{"line":24,"column":48},"end":{"line":50,"column":3}},"line":24},"1":{"name":"(anonymous_1)","decl":{"start":{"line":59,"column":2},"end":{"line":59,"column":3}},"loc":{"start":{"line":60,"column":67},"end":{"line":97,"column":3}},"line":60},"2":{"name":"(anonymous_2)","decl":{"start":{"line":104,"column":2},"end":{"line":104,"column":3}},"loc":{"start":{"line":104,"column":25},"end":{"line":116,"column":3}},"line":104},"3":{"name":"(anonymous_3)","decl":{"start":{"line":126,"column":2},"end":{"line":126,"column":3}},"loc":{"start":{"line":126,"column":29},"end":{"line":143,"column":3}},"line":126},"4":{"name":"(anonymous_4)","decl":{"start":{"line":162,"column":2},"end":{"line":162,"column":3}},"loc":{"start":{"line":162,"column":38},"end":{"line":191,"column":3}},"line":162},"5":{"name":"(anonymous_5)","decl":{"start":{"line":195,"column":2},"end":{"line":195,"column":3}},"loc":{"start":{"line":195,"column":32},"end":{"line":206,"column":3}},"line":195}},"branchMap":{"0":{"loc":{"start":{"line":40,"column":4},"end":{"line":47,"column":5}},"type":"if","locations":[{"start":{"line":40,"column":4},"end":{"line":47,"column":5}},{"start":{"line":40,"column":4},"end":{"line":47,"column":5}}],"line":40},"1":{"loc":{"start":{"line":43,"column":6},"end":{"line":46,"column":7}},"type":"if","locations":[{"start":{"line":43,"column":6},"end":{"line":46,"column":7}},{"start":{"line":43,"column":6},"end":{"line":46,"column":7}}],"line":43},"2":{"loc":{"start":{"line":68,"column":4},"end":{"line":70,"column":5}},"type":"if","locations":[{"start":{"line":68,"column":4},"end":{"line":70,"column":5}},{"start":{"line":68,"column":4},"end":{"line":70,"column":5}}],"line":68},"3":{"loc":{"start":{"line":140,"column":4},"end":{"line":140,"column":63}},"type":"if","locations":[{"start":{"line":140,"column":4},"end":{"line":140,"column":63}},{"start":{"line":140,"column":4},"end":{"line":140,"column":63}}],"line":140},"4":{"loc":{"start":{"line":163,"column":4},"end":{"line":165,"column":5}},"type":"if","locations":[{"start":{"line":163,"column":4},"end":{"line":165,"column":5}},{"start":{"line":163,"column":4},"end":{"line":165,"column":5}}],"line":163},"5":{"loc":{"start":{"line":187,"column":4},"end":{"line":187,"column":63}},"type":"if","locations":[{"start":{"line":187,"column":4},"end":{"line":187,"column":63}},{"start":{"line":187,"column":4},"end":{"line":187,"column":63}}],"line":187},"6":{"loc":{"start":{"line":205,"column":4},"end":{"line":205,"column":63}},"type":"if","locations":[{"start":{"line":205,"column":4},"end":{"line":205,"column":63}},{"start":{"line":205,"column":4},"end":{"line":205,"column":63}}],"line":205}},"s":{"0":6,"1":6,"2":6,"3":6,"4":6,"5":7,"6":7,"7":7,"8":4,"9":4,"10":3,"11":3,"12":4,"13":23,"14":23,"15":1,"16":22,"17":22,"18":22,"19":22,"20":3,"21":2,"22":5,"23":5,"24":5,"25":2,"26":3,"27":8,"28":2,"29":8,"30":7,"31":7,"32":7,"33":7,"34":7,"35":2,"36":5,"37":5,"38":5,"39":5,"40":5,"41":2,"42":6},"f":{"0":7,"1":23,"2":3,"3":5,"4":8,"5":5},"b":{"0":[4,3],"1":[3,1],"2":[1,22],"3":[2,3],"4":[2,6],"5":[2,5],"6":[2,3]},"_coverageSchema":"1a1c01bbd47fc00a2c39e90264f33305004495a9","hash":"67943e05672020a6f88442fcb9f9e23c75d46c33"}
,"/Users/sarastrong/Desktop/Springboard/Projects/express-jobly/routes/_testCommon.js": {"path":"/Users/sarastrong/Desktop/Springboard/Projects/express-jobly/routes/_testCommon.js","statementMap":{"0":{"start":{"line":3,"column":11},"end":{"line":3,"column":30}},"1":{"start":{"line":4,"column":13},"end":{"line":4,"column":38}},"2":{"start":{"line":5,"column":16},"end":{"line":5,"column":44}},"3":{"start":{"line":6,"column":24},"end":{"line":6,"column":52}},"4":{"start":{"line":7,"column":12},"end":{"line":7,"column":39}},"5":{"start":{"line":8,"column":19},"end":{"line":8,"column":21}},"6":{"start":{"line":12,"column":2},"end":{"line":12,"column":38}},"7":{"start":{"line":14,"column":2},"end":{"line":14,"column":42}},"8":{"start":{"line":16,"column":2},"end":{"line":22,"column":5}},"9":{"start":{"line":23,"column":2},"end":{"line":29,"column":5}},"10":{"start":{"line":30,"column":2},"end":{"line":36,"column":5}},"11":{"start":{"line":38,"column":2},"end":{"line":45,"column":5}},"12":{"start":{"line":46,"column":2},"end":{"line":53,"column":5}},"13":{"start":{"line":54,"column":2},"end":{"line":61,"column":5}},"14":{"start":{"line":62,"column":2},"end":{"line":69,"column":5}},"15":{"start":{"line":71,"column":2},"end":{"line":76,"column":5}},"16":{"start":{"line":77,"column":2},"end":{"line":82,"column":5}},"17":{"start":{"line":83,"column":2},"end":{"line":88,"column":5}},"18":{"start":{"line":89,"column":2},"end":{"line":94,"column":5}},"19":{"start":{"line":95,"column":22},"end":{"line":95,"column":41}},"20":{"start":{"line":96,"column":2},"end":{"line":96,"column":59}},"21":{"start":{"line":96,"column":52},"end":{"line":96,"column":56}},"22":{"start":{"line":100,"column":2},"end":{"line":100,"column":26}},"23":{"start":{"line":104,"column":2},"end":{"line":104,"column":29}},"24":{"start":{"line":108,"column":2},"end":{"line":108,"column":17}},"25":{"start":{"line":111,"column":16},"end":{"line":111,"column":63}},"26":{"start":{"line":113,"column":16},"end":{"line":113,"column":62}},"27":{"start":{"line":115,"column":0},"end":{"line":123,"column":2}}},"fnMap":{"0":{"name":"commonBeforeAll","decl":{"start":{"line":10,"column":15},"end":{"line":10,"column":30}},"loc":{"start":{"line":10,"column":33},"end":{"line":97,"column":1}},"line":10},"1":{"name":"(anonymous_1)","decl":{"start":{"line":96,"column":45},"end":{"line":96,"column":46}},"loc":{"start":{"line":96,"column":52},"end":{"line":96,"column":56}},"line":96},"2":{"name":"commonBeforeEach","decl":{"start":{"line":99,"column":15},"end":{"line":99,"column":31}},"loc":{"start":{"line":99,"column":34},"end":{"line":101,"column":1}},"line":99},"3":{"name":"commonAfterEach","decl":{"start":{"line":103,"column":15},"end":{"line":103,"column":30}},"loc":{"start":{"line":103,"column":33},"end":{"line":105,"column":1}},"line":103},"4":{"name":"commonAfterAll","decl":{"start":{"line":107,"column":15},"end":{"line":107,"column":29}},"loc":{"start":{"line":107,"column":32},"end":{"line":109,"column":1}},"line":107}},"branchMap":{},"s":{"0":4,"1":4,"2":4,"3":4,"4":4,"5":4,"6":4,"7":4,"8":4,"9":4,"10":4,"11":4,"12":4,"13":4,"14":4,"15":4,"16":4,"17":4,"18":4,"19":4,"20":4,"21":16,"22":69,"23":69,"24":4,"25":4,"26":4,"27":4},"f":{"0":4,"1":16,"2":69,"3":69,"4":4},"b":{},"_coverageSchema":"1a1c01bbd47fc00a2c39e90264f33305004495a9","hash":"25b35dbe4d1fa4de85be0fd561ee7f48d33200c8"}
,"/Users/sarastrong/Desktop/Springboard/Projects/express-jobly/routes/auth.js": {"path":"/Users/sarastrong/Desktop/Springboard/Projects/express-jobly/routes/auth.js","statementMap":{"0":{"start":{"line":5,"column":19},"end":{"line":5,"column":40}},"1":{"start":{"line":7,"column":13},"end":{"line":7,"column":38}},"2":{"start":{"line":8,"column":16},"end":{"line":8,"column":34}},"3":{"start":{"line":9,"column":15},"end":{"line":9,"column":35}},"4":{"start":{"line":10,"column":24},"end":{"line":10,"column":52}},"5":{"start":{"line":11,"column":23},"end":{"line":11,"column":58}},"6":{"start":{"line":12,"column":27},"end":{"line":12,"column":66}},"7":{"start":{"line":13,"column":28},"end":{"line":13,"column":54}},"8":{"start":{"line":22,"column":0},"end":{"line":37,"column":3}},"9":{"start":{"line":23,"column":2},"end":{"line":36,"column":3}},"10":{"start":{"line":24,"column":22},"end":{"line":24,"column":67}},"11":{"start":{"line":25,"column":4},"end":{"line":28,"column":5}},"12":{"start":{"line":26,"column":19},"end":{"line":26,"column":53}},"13":{"start":{"line":26,"column":45},"end":{"line":26,"column":52}},"14":{"start":{"line":27,"column":6},"end":{"line":27,"column":38}},"15":{"start":{"line":30,"column":35},"end":{"line":30,"column":43}},"16":{"start":{"line":31,"column":17},"end":{"line":31,"column":60}},"17":{"start":{"line":32,"column":18},"end":{"line":32,"column":35}},"18":{"start":{"line":33,"column":4},"end":{"line":33,"column":31}},"19":{"start":{"line":35,"column":4},"end":{"line":35,"column":21}},"20":{"start":{"line":49,"column":0},"end":{"line":63,"column":3}},"21":{"start":{"line":50,"column":2},"end":{"line":62,"column":3}},"22":{"start":{"line":51,"column":22},"end":{"line":51,"column":71}},"23":{"start":{"line":52,"column":4},"end":{"line":55,"column":5}},"24":{"start":{"line":53,"column":19},"end":{"line":53,"column":53}},"25":{"start":{"line":53,"column":45},"end":{"line":53,"column":52}},"26":{"start":{"line":54,"column":6},"end":{"line":54,"column":38}},"27":{"start":{"line":57,"column":20},"end":{"line":57,"column":72}},"28":{"start":{"line":58,"column":18},"end":{"line":58,"column":38}},"29":{"start":{"line":59,"column":4},"end":{"line":59,"column":43}},"30":{"start":{"line":61,"column":4},"end":{"line":61,"column":21}},"31":{"start":{"line":66,"column":0},"end":{"line":66,"column":24}}},"fnMap":{"0":{"name":"(anonymous_0)","decl":{"start":{"line":22,"column":22},"end":{"line":22,"column":23}},"loc":{"start":{"line":22,"column":54},"end":{"line":37,"column":1}},"line":22},"1":{"name":"(anonymous_1)","decl":{"start":{"line":26,"column":40},"end":{"line":26,"column":41}},"loc":{"start":{"line":26,"column":45},"end":{"line":26,"column":52}},"line":26},"2":{"name":"(anonymous_2)","decl":{"start":{"line":49,"column":25},"end":{"line":49,"column":26}},"loc":{"start":{"line":49,"column":57},"end":{"line":63,"column":1}},"line":49},"3":{"name":"(anonymous_3)","decl":{"start":{"line":53,"column":40},"end":{"line":53,"column":41}},"loc":{"start":{"line":53,"column":45},"end":{"line":53,"column":52}},"line":53}},"branchMap":{"0":{"loc":{"start":{"line":25,"column":4},"end":{"line":28,"column":5}},"type":"if","locations":[{"start":{"line":25,"column":4},"end":{"line":28,"column":5}},{"start":{"line":25,"column":4},"end":{"line":28,"column":5}}],"line":25},"1":{"loc":{"start":{"line":52,"column":4},"end":{"line":55,"column":5}},"type":"if","locations":[{"start":{"line":52,"column":4},"end":{"line":55,"column":5}},{"start":{"line":52,"column":4},"end":{"line":55,"column":5}}],"line":52}},"s":{"0":5,"1":5,"2":5,"3":5,"4":5,"5":5,"6":5,"7":5,"8":5,"9":5,"10":5,"11":5,"12":2,"13":2,"14":2,"15":3,"16":3,"17":1,"18":1,"19":4,"20":5,"21":3,"22":3,"23":3,"24":2,"25":5,"26":2,"27":1,"28":1,"29":1,"30":2,"31":5},"f":{"0":5,"1":2,"2":3,"3":5},"b":{"0":[2,3],"1":[2,1]},"_coverageSchema":"1a1c01bbd47fc00a2c39e90264f33305004495a9","hash":"cc34e9b6bd987e71c9743fdbda58061184051869"}
,"/Users/sarastrong/Desktop/Springboard/Projects/express-jobly/routes/companies.js": {"path":"/Users/sarastrong/Desktop/Springboard/Projects/express-jobly/routes/companies.js","statementMap":{"0":{"start":{"line":5,"column":19},"end":{"line":5,"column":40}},"1":{"start":{"line":6,"column":16},"end":{"line":6,"column":34}},"2":{"start":{"line":8,"column":28},"end":{"line":8,"column":54}},"3":{"start":{"line":9,"column":24},"end":{"line":9,"column":53}},"4":{"start":{"line":10,"column":16},"end":{"line":10,"column":44}},"5":{"start":{"line":12,"column":25},"end":{"line":12,"column":62}},"6":{"start":{"line":13,"column":28},"end":{"line":13,"column":68}},"7":{"start":{"line":15,"column":15},"end":{"line":15,"column":35}},"8":{"start":{"line":26,"column":0},"end":{"line":39,"column":3}},"9":{"start":{"line":27,"column":2},"end":{"line":38,"column":3}},"10":{"start":{"line":28,"column":22},"end":{"line":28,"column":69}},"11":{"start":{"line":29,"column":4},"end":{"line":32,"column":5}},"12":{"start":{"line":30,"column":19},"end":{"line":30,"column":55}},"13":{"start":{"line":30,"column":47},"end":{"line":30,"column":54}},"14":{"start":{"line":31,"column":6},"end":{"line":31,"column":38}},"15":{"start":{"line":34,"column":20},"end":{"line":34,"column":50}},"16":{"start":{"line":35,"column":4},"end":{"line":35,"column":45}},"17":{"start":{"line":37,"column":4},"end":{"line":37,"column":21}},"18":{"start":{"line":52,"column":0},"end":{"line":66,"column":3}},"19":{"start":{"line":56,"column":2},"end":{"line":65,"column":3}},"20":{"start":{"line":57,"column":4},"end":{"line":60,"column":5}},"21":{"start":{"line":58,"column":24},"end":{"line":58,"column":47}},"22":{"start":{"line":59,"column":6},"end":{"line":59,"column":37}},"23":{"start":{"line":61,"column":22},"end":{"line":61,"column":53}},"24":{"start":{"line":62,"column":4},"end":{"line":62,"column":35}},"25":{"start":{"line":64,"column":4},"end":{"line":64,"column":21}},"26":{"start":{"line":76,"column":0},"end":{"line":83,"column":3}},"27":{"start":{"line":77,"column":2},"end":{"line":82,"column":3}},"28":{"start":{"line":78,"column":20},"end":{"line":78,"column":56}},"29":{"start":{"line":79,"column":4},"end":{"line":79,"column":33}},"30":{"start":{"line":81,"column":4},"end":{"line":81,"column":21}},"31":{"start":{"line":96,"column":0},"end":{"line":109,"column":3}},"32":{"start":{"line":97,"column":2},"end":{"line":108,"column":3}},"33":{"start":{"line":98,"column":22},"end":{"line":98,"column":72}},"34":{"start":{"line":99,"column":4},"end":{"line":102,"column":5}},"35":{"start":{"line":100,"column":19},"end":{"line":100,"column":55}},"36":{"start":{"line":100,"column":47},"end":{"line":100,"column":54}},"37":{"start":{"line":101,"column":6},"end":{"line":101,"column":38}},"38":{"start":{"line":104,"column":20},"end":{"line":104,"column":69}},"39":{"start":{"line":105,"column":4},"end":{"line":105,"column":33}},"40":{"start":{"line":107,"column":4},"end":{"line":107,"column":21}},"41":{"start":{"line":116,"column":0},"end":{"line":123,"column":3}},"42":{"start":{"line":117,"column":2},"end":{"line":122,"column":3}},"43":{"start":{"line":118,"column":4},"end":{"line":118,"column":44}},"44":{"start":{"line":119,"column":4},"end":{"line":119,"column":52}},"45":{"start":{"line":121,"column":4},"end":{"line":121,"column":21}},"46":{"start":{"line":125,"column":0},"end":{"line":125,"column":24}}},"fnMap":{"0":{"name":"(anonymous_0)","decl":{"start":{"line":26,"column":30},"end":{"line":26,"column":31}},"loc":{"start":{"line":26,"column":62},"end":{"line":39,"column":1}},"line":26},"1":{"name":"(anonymous_1)","decl":{"start":{"line":30,"column":40},"end":{"line":30,"column":41}},"loc":{"start":{"line":30,"column":47},"end":{"line":30,"column":54}},"line":30},"2":{"name":"(anonymous_2)","decl":{"start":{"line":52,"column":16},"end":{"line":52,"column":17}},"loc":{"start":{"line":52,"column":48},"end":{"line":66,"column":1}},"line":52},"3":{"name":"(anonymous_3)","decl":{"start":{"line":76,"column":23},"end":{"line":76,"column":24}},"loc":{"start":{"line":76,"column":55},"end":{"line":83,"column":1}},"line":76},"4":{"name":"(anonymous_4)","decl":{"start":{"line":96,"column":38},"end":{"line":96,"column":39}},"loc":{"start":{"line":96,"column":70},"end":{"line":109,"column":1}},"line":96},"5":{"name":"(anonymous_5)","decl":{"start":{"line":100,"column":40},"end":{"line":100,"column":41}},"loc":{"start":{"line":100,"column":47},"end":{"line":100,"column":54}},"line":100},"6":{"name":"(anonymous_6)","decl":{"start":{"line":116,"column":39},"end":{"line":116,"column":40}},"loc":{"start":{"line":116,"column":71},"end":{"line":123,"column":1}},"line":116}},"branchMap":{"0":{"loc":{"start":{"line":29,"column":4},"end":{"line":32,"column":5}},"type":"if","locations":[{"start":{"line":29,"column":4},"end":{"line":32,"column":5}},{"start":{"line":29,"column":4},"end":{"line":32,"column":5}}],"line":29},"1":{"loc":{"start":{"line":57,"column":4},"end":{"line":60,"column":5}},"type":"if","locations":[{"start":{"line":57,"column":4},"end":{"line":60,"column":5}},{"start":{"line":57,"column":4},"end":{"line":60,"column":5}}],"line":57},"2":{"loc":{"start":{"line":99,"column":4},"end":{"line":102,"column":5}},"type":"if","locations":[{"start":{"line":99,"column":4},"end":{"line":102,"column":5}},{"start":{"line":99,"column":4},"end":{"line":102,"column":5}}],"line":99}},"s":{"0":5,"1":5,"2":5,"3":5,"4":5,"5":5,"6":5,"7":5,"8":5,"9":3,"10":3,"11":3,"12":2,"13":3,"14":2,"15":1,"16":1,"17":2,"18":5,"19":2,"20":2,"21":2,"22":1,"23":0,"24":0,"25":1,"26":5,"27":4,"28":4,"29":2,"30":2,"31":5,"32":4,"33":4,"34":4,"35":2,"36":2,"37":2,"38":2,"39":1,"40":3,"41":5,"42":2,"43":2,"44":1,"45":1,"46":5},"f":{"0":3,"1":3,"2":2,"3":4,"4":4,"5":2,"6":2},"b":{"0":[2,1],"1":[2,0],"2":[2,2]},"_coverageSchema":"1a1c01bbd47fc00a2c39e90264f33305004495a9","hash":"5684174ec2841f9c30a8467aa053da9e973fb5c2"}
,"/Users/sarastrong/Desktop/Springboard/Projects/express-jobly/routes/jobs.js": {"path":"/Users/sarastrong/Desktop/Springboard/Projects/express-jobly/routes/jobs.js","statementMap":{"0":{"start":{"line":5,"column":19},"end":{"line":5,"column":40}},"1":{"start":{"line":6,"column":16},"end":{"line":6,"column":34}},"2":{"start":{"line":8,"column":28},"end":{"line":8,"column":54}},"3":{"start":{"line":9,"column":24},"end":{"line":9,"column":53}},"4":{"start":{"line":10,"column":12},"end":{"line":10,"column":36}},"5":{"start":{"line":12,"column":21},"end":{"line":12,"column":54}},"6":{"start":{"line":13,"column":24},"end":{"line":13,"column":60}},"7":{"start":{"line":18,"column":15},"end":{"line":18,"column":35}},"8":{"start":{"line":28,"column":0},"end":{"line":40,"column":3}},"9":{"start":{"line":29,"column":2},"end":{"line":39,"column":3}},"10":{"start":{"line":30,"column":22},"end":{"line":30,"column":65}},"11":{"start":{"line":31,"column":4},"end":{"line":34,"column":5}},"12":{"start":{"line":32,"column":19},"end":{"line":32,"column":55}},"13":{"start":{"line":32,"column":47},"end":{"line":32,"column":54}},"14":{"start":{"line":33,"column":6},"end":{"line":33,"column":38}},"15":{"start":{"line":35,"column":16},"end":{"line":35,"column":42}},"16":{"start":{"line":36,"column":4},"end":{"line":36,"column":41}},"17":{"start":{"line":38,"column":4},"end":{"line":38,"column":21}},"18":{"start":{"line":47,"column":0},"end":{"line":54,"column":3}},"19":{"start":{"line":48,"column":2},"end":{"line":53,"column":3}},"20":{"start":{"line":49,"column":17},"end":{"line":49,"column":36}},"21":{"start":{"line":50,"column":4},"end":{"line":50,"column":30}},"22":{"start":{"line":52,"column":4},"end":{"line":52,"column":21}},"23":{"start":{"line":62,"column":0},"end":{"line":69,"column":3}},"24":{"start":{"line":63,"column":2},"end":{"line":68,"column":3}},"25":{"start":{"line":64,"column":16},"end":{"line":64,"column":44}},"26":{"start":{"line":65,"column":4},"end":{"line":65,"column":29}},"27":{"start":{"line":67,"column":4},"end":{"line":67,"column":21}},"28":{"start":{"line":82,"column":0},"end":{"line":94,"column":3}},"29":{"start":{"line":83,"column":2},"end":{"line":93,"column":3}},"30":{"start":{"line":84,"column":22},"end":{"line":84,"column":68}},"31":{"start":{"line":85,"column":4},"end":{"line":88,"column":5}},"32":{"start":{"line":86,"column":19},"end":{"line":86,"column":55}},"33":{"start":{"line":86,"column":47},"end":{"line":86,"column":54}},"34":{"start":{"line":87,"column":6},"end":{"line":87,"column":38}},"35":{"start":{"line":89,"column":16},"end":{"line":89,"column":57}},"36":{"start":{"line":90,"column":4},"end":{"line":90,"column":29}},"37":{"start":{"line":92,"column":4},"end":{"line":92,"column":21}},"38":{"start":{"line":100,"column":0},"end":{"line":107,"column":3}},"39":{"start":{"line":101,"column":2},"end":{"line":106,"column":3}},"40":{"start":{"line":102,"column":4},"end":{"line":102,"column":36}},"41":{"start":{"line":103,"column":4},"end":{"line":103,"column":48}},"42":{"start":{"line":105,"column":4},"end":{"line":105,"column":21}},"43":{"start":{"line":109,"column":0},"end":{"line":109,"column":24}}},"fnMap":{"0":{"name":"(anonymous_0)","decl":{"start":{"line":28,"column":30},"end":{"line":28,"column":31}},"loc":{"start":{"line":28,"column":62},"end":{"line":40,"column":1}},"line":28},"1":{"name":"(anonymous_1)","decl":{"start":{"line":32,"column":40},"end":{"line":32,"column":41}},"loc":{"start":{"line":32,"column":47},"end":{"line":32,"column":54}},"line":32},"2":{"name":"(anonymous_2)","decl":{"start":{"line":47,"column":16},"end":{"line":47,"column":17}},"loc":{"start":{"line":47,"column":48},"end":{"line":54,"column":1}},"line":47},"3":{"name":"(anonymous_3)","decl":{"start":{"line":62,"column":19},"end":{"line":62,"column":20}},"loc":{"start":{"line":62,"column":51},"end":{"line":69,"column":1}},"line":62},"4":{"name":"(anonymous_4)","decl":{"start":{"line":82,"column":34},"end":{"line":82,"column":35}},"loc":{"start":{"line":82,"column":66},"end":{"line":94,"column":1}},"line":82},"5":{"name":"(anonymous_5)","decl":{"start":{"line":86,"column":40},"end":{"line":86,"column":41}},"loc":{"start":{"line":86,"column":47},"end":{"line":86,"column":54}},"line":86},"6":{"name":"(anonymous_6)","decl":{"start":{"line":100,"column":35},"end":{"line":100,"column":36}},"loc":{"start":{"line":100,"column":67},"end":{"line":107,"column":1}},"line":100}},"branchMap":{"0":{"loc":{"start":{"line":31,"column":4},"end":{"line":34,"column":5}},"type":"if","locations":[{"start":{"line":31,"column":4},"end":{"line":34,"column":5}},{"start":{"line":31,"column":4},"end":{"line":34,"column":5}}],"line":31},"1":{"loc":{"start":{"line":85,"column":4},"end":{"line":88,"column":5}},"type":"if","locations":[{"start":{"line":85,"column":4},"end":{"line":88,"column":5}},{"start":{"line":85,"column":4},"end":{"line":88,"column":5}}],"line":85}},"s":{"0":5,"1":5,"2":5,"3":5,"4":5,"5":5,"6":5,"7":5,"8":5,"9":3,"10":3,"11":3,"12":2,"13":3,"14":2,"15":1,"16":1,"17":2,"18":5,"19":2,"20":2,"21":1,"22":1,"23":5,"24":1,"25":1,"26":1,"27":0,"28":5,"29":5,"30":5,"31":5,"32":3,"33":3,"34":3,"35":2,"36":1,"37":4,"38":5,"39":2,"40":2,"41":1,"42":1,"43":5},"f":{"0":3,"1":3,"2":2,"3":1,"4":5,"5":3,"6":2},"b":{"0":[2,1],"1":[3,2]},"_coverageSchema":"1a1c01bbd47fc00a2c39e90264f33305004495a9","hash":"ebb6bcd983134c3a6be50f0f1ea9a7a146d05b92"}
,"/Users/sarastrong/Desktop/Springboard/Projects/express-jobly/routes/users.js": {"path":"/Users/sarastrong/Desktop/Springboard/Projects/express-jobly/routes/users.js","statementMap":{"0":{"start":{"line":5,"column":19},"end":{"line":5,"column":40}},"1":{"start":{"line":7,"column":16},"end":{"line":7,"column":34}},"2":{"start":{"line":12,"column":4},"end":{"line":12,"column":33}},"3":{"start":{"line":13,"column":28},"end":{"line":13,"column":54}},"4":{"start":{"line":14,"column":13},"end":{"line":14,"column":38}},"5":{"start":{"line":15,"column":24},"end":{"line":15,"column":52}},"6":{"start":{"line":16,"column":22},"end":{"line":16,"column":56}},"7":{"start":{"line":17,"column":25},"end":{"line":17,"column":62}},"8":{"start":{"line":19,"column":15},"end":{"line":19,"column":31}},"9":{"start":{"line":33,"column":0},"end":{"line":47,"column":3}},"10":{"start":{"line":34,"column":2},"end":{"line":46,"column":3}},"11":{"start":{"line":35,"column":22},"end":{"line":35,"column":66}},"12":{"start":{"line":36,"column":4},"end":{"line":39,"column":5}},"13":{"start":{"line":37,"column":19},"end":{"line":37,"column":55}},"14":{"start":{"line":37,"column":47},"end":{"line":37,"column":54}},"15":{"start":{"line":38,"column":6},"end":{"line":38,"column":38}},"16":{"start":{"line":41,"column":17},"end":{"line":41,"column":46}},"17":{"start":{"line":42,"column":18},"end":{"line":42,"column":35}},"18":{"start":{"line":43,"column":4},"end":{"line":43,"column":49}},"19":{"start":{"line":45,"column":4},"end":{"line":45,"column":21}},"20":{"start":{"line":56,"column":0},"end":{"line":63,"column":3}},"21":{"start":{"line":57,"column":2},"end":{"line":62,"column":3}},"22":{"start":{"line":58,"column":18},"end":{"line":58,"column":38}},"23":{"start":{"line":59,"column":4},"end":{"line":59,"column":31}},"24":{"start":{"line":61,"column":4},"end":{"line":61,"column":21}},"25":{"start":{"line":72,"column":0},"end":{"line":83,"column":2}},"26":{"start":{"line":76,"column":4},"end":{"line":81,"column":5}},"27":{"start":{"line":77,"column":19},"end":{"line":77,"column":54}},"28":{"start":{"line":78,"column":6},"end":{"line":78,"column":32}},"29":{"start":{"line":80,"column":6},"end":{"line":80,"column":23}},"30":{"start":{"line":95,"column":0},"end":{"line":112,"column":2}},"31":{"start":{"line":99,"column":4},"end":{"line":110,"column":5}},"32":{"start":{"line":100,"column":24},"end":{"line":100,"column":71}},"33":{"start":{"line":101,"column":6},"end":{"line":104,"column":7}},"34":{"start":{"line":102,"column":21},"end":{"line":102,"column":57}},"35":{"start":{"line":102,"column":49},"end":{"line":102,"column":56}},"36":{"start":{"line":103,"column":8},"end":{"line":103,"column":40}},"37":{"start":{"line":106,"column":19},"end":{"line":106,"column":67}},"38":{"start":{"line":107,"column":6},"end":{"line":107,"column":32}},"39":{"start":{"line":109,"column":6},"end":{"line":109,"column":23}},"40":{"start":{"line":119,"column":0},"end":{"line":130,"column":2}},"41":{"start":{"line":123,"column":4},"end":{"line":128,"column":5}},"42":{"start":{"line":124,"column":6},"end":{"line":124,"column":45}},"43":{"start":{"line":125,"column":6},"end":{"line":125,"column":56}},"44":{"start":{"line":127,"column":6},"end":{"line":127,"column":23}},"45":{"start":{"line":132,"column":0},"end":{"line":132,"column":24}}},"fnMap":{"0":{"name":"(anonymous_0)","decl":{"start":{"line":33,"column":30},"end":{"line":33,"column":31}},"loc":{"start":{"line":33,"column":62},"end":{"line":47,"column":1}},"line":33},"1":{"name":"(anonymous_1)","decl":{"start":{"line":37,"column":40},"end":{"line":37,"column":41}},"loc":{"start":{"line":37,"column":47},"end":{"line":37,"column":54}},"line":37},"2":{"name":"(anonymous_2)","decl":{"start":{"line":56,"column":29},"end":{"line":56,"column":30}},"loc":{"start":{"line":56,"column":61},"end":{"line":63,"column":1}},"line":56},"3":{"name":"(anonymous_3)","decl":{"start":{"line":75,"column":2},"end":{"line":75,"column":3}},"loc":{"start":{"line":75,"column":34},"end":{"line":82,"column":3}},"line":75},"4":{"name":"(anonymous_4)","decl":{"start":{"line":98,"column":2},"end":{"line":98,"column":3}},"loc":{"start":{"line":98,"column":34},"end":{"line":111,"column":3}},"line":98},"5":{"name":"(anonymous_5)","decl":{"start":{"line":102,"column":42},"end":{"line":102,"column":43}},"loc":{"start":{"line":102,"column":49},"end":{"line":102,"column":56}},"line":102},"6":{"name":"(anonymous_6)","decl":{"start":{"line":122,"column":2},"end":{"line":122,"column":3}},"loc":{"start":{"line":122,"column":34},"end":{"line":129,"column":3}},"line":122}},"branchMap":{"0":{"loc":{"start":{"line":36,"column":4},"end":{"line":39,"column":5}},"type":"if","locations":[{"start":{"line":36,"column":4},"end":{"line":39,"column":5}},{"start":{"line":36,"column":4},"end":{"line":39,"column":5}}],"line":36},"1":{"loc":{"start":{"line":101,"column":6},"end":{"line":104,"column":7}},"type":"if","locations":[{"start":{"line":101,"column":6},"end":{"line":104,"column":7}},{"start":{"line":101,"column":6},"end":{"line":104,"column":7}}],"line":101}},"s":{"0":5,"1":5,"2":5,"3":5,"4":5,"5":5,"6":5,"7":5,"8":5,"9":5,"10":4,"11":4,"12":4,"13":2,"14":5,"15":2,"16":2,"17":2,"18":2,"19":2,"20":5,"21":2,"22":2,"23":1,"24":1,"25":5,"26":3,"27":3,"28":2,"29":1,"30":5,"31":5,"32":5,"33":5,"34":1,"35":1,"36":1,"37":4,"38":3,"39":2,"40":5,"41":3,"42":3,"43":2,"44":1,"45":5},"f":{"0":4,"1":5,"2":2,"3":3,"4":5,"5":1,"6":3},"b":{"0":[2,2],"1":[1,4]},"_coverageSchema":"1a1c01bbd47fc00a2c39e90264f33305004495a9","hash":"b9eedcc93c780bfde535827f39f9afe6731f2a2a"}
}
