TN:
SF:app.js
FN:34,(anonymous_0)
FN:39,(anonymous_1)
FNF:2
FNH:2
FNDA:2,(anonymous_0)
FNDA:49,(anonymous_1)
DA:5,5
DA:6,5
DA:8,5
DA:10,5
DA:11,5
DA:12,5
DA:13,5
DA:14,5
DA:16,5
DA:17,5
DA:19,5
DA:21,5
DA:22,5
DA:23,5
DA:24,5
DA:25,5
DA:26,5
DA:28,5
DA:29,5
DA:30,5
DA:31,5
DA:34,5
DA:35,2
DA:39,5
DA:40,49
DA:41,49
DA:42,49
DA:44,49
DA:49,5
LF:29
LH:29
BRDA:40,0,0,1
BRDA:40,0,1,48
BRDA:41,1,0,49
BRDA:41,1,1,3
BRF:4
BRH:4
end_of_record
TN:
SF:config.js
FN:13,getDatabaseUri
FNF:1
FNH:1
FNDA:22,getDatabaseUri
DA:5,11
DA:6,11
DA:8,11
DA:10,11
DA:14,22
DA:22,11
DA:24,11
DA:25,11
DA:26,11
DA:27,11
DA:28,11
DA:29,11
DA:31,11
LF:13
LH:13
BRDA:8,0,0,11
BRDA:8,0,1,10
BRDA:10,1,0,11
BRDA:10,1,1,10
BRDA:14,2,0,19
BRDA:14,2,1,3
BRDA:16,3,0,3
BRDA:16,3,1,1
BRDA:22,4,0,10
BRDA:22,4,1,1
BRF:10
BRH:10
end_of_record
TN:
SF:db.js
FNF:0
FNH:0
DA:5,8
DA:6,8
DA:8,8
DA:12,8
DA:14,8
LF:5
LH:5
BRF:0
BRH:0
end_of_record
TN:
SF:expressError.js
FN:8,(anonymous_0)
FN:18,(anonymous_1)
FN:26,(anonymous_2)
FN:34,(anonymous_3)
FN:42,(anonymous_4)
FNF:5
FNH:4
FNDA:69,(anonymous_0)
FNDA:20,(anonymous_1)
FNDA:24,(anonymous_2)
FNDA:25,(anonymous_3)
FNDA:0,(anonymous_4)
DA:9,69
DA:10,69
DA:11,69
DA:19,20
DA:27,24
DA:35,25
DA:43,0
DA:47,10
LF:8
LH:7
BRDA:18,0,0,2
BRDA:26,1,0,20
BRDA:34,2,0,0
BRDA:42,3,0,0
BRF:4
BRH:2
end_of_record
TN:
SF:helpers/sql.js
FN:18,sqlForPartialUpdate
FN:24,(anonymous_1)
FN:39,sqlForCompanyFilter
FN:67,sqlForJobFilter
FN:91,(anonymous_4)
FNF:5
FNH:5
FNDA:22,sqlForPartialUpdate
FNDA:37,(anonymous_1)
FNDA:8,sqlForCompanyFilter
FNDA:9,sqlForJobFilter
FNDA:13,(anonymous_4)
DA:1,9
DA:2,9
DA:19,22
DA:20,22
DA:23,18
DA:24,37
DA:27,18
DA:40,8
DA:41,8
DA:42,1
DA:44,7
DA:45,1
DA:47,6
DA:48,6
DA:49,13
DA:50,5
DA:51,5
DA:52,8
DA:53,4
DA:54,4
DA:55,3
DA:57,1
DA:61,5
DA:68,9
DA:69,9
DA:70,1
DA:72,8
DA:73,1
DA:75,7
DA:76,7
DA:77,13
DA:78,5
DA:79,5
DA:80,8
DA:81,4
DA:82,4
DA:83,4
DA:84,3
DA:87,0
DA:90,7
DA:91,13
DA:93,7
DA:99,9
LF:43
LH:42
BRDA:20,0,0,4
BRDA:20,0,1,18
BRDA:24,1,0,37
BRDA:24,1,1,22
BRDA:41,2,0,1
BRDA:41,2,1,7
BRDA:44,3,0,1
BRDA:44,3,1,6
BRDA:49,4,0,5
BRDA:49,4,1,8
BRDA:52,5,0,4
BRDA:52,5,1,4
BRDA:54,6,0,3
BRDA:54,6,1,1
BRDA:69,7,0,1
BRDA:69,7,1,8
BRDA:72,8,0,1
BRDA:72,8,1,7
BRDA:77,9,0,5
BRDA:77,9,1,8
BRDA:80,10,0,4
BRDA:80,10,1,4
BRDA:82,11,0,4
BRDA:82,11,1,0
BRDA:83,12,0,3
BRDA:83,12,1,1
BRF:26
BRH:25
end_of_record
TN:
SF:helpers/tokens.js
FN:6,createToken
FNF:1
FNH:1
FNDA:15,createToken
DA:1,6
DA:2,6
DA:7,15
DA:10,15
DA:15,15
DA:18,6
LF:6
LH:6
BRDA:12,0,0,15
BRDA:12,0,1,9
BRF:2
BRH:2
end_of_record
TN:
SF:middleware/auth.js
FN:17,authenticateJWT
FN:35,ensureLoggedIn
FN:49,ensureAdmin
FN:60,ensureAdminOrCorrectUser
FNF:4
FNH:4
FNDA:75,authenticateJWT
FNDA:2,ensureLoggedIn
FNDA:38,ensureAdmin
FNDA:20,ensureAdminOrCorrectUser
DA:5,6
DA:6,6
DA:7,6
DA:18,75
DA:19,75
DA:20,75
DA:21,47
DA:22,47
DA:24,74
DA:26,1
DA:36,2
DA:37,2
DA:38,1
DA:40,1
DA:50,38
DA:51,38
DA:52,12
DA:54,26
DA:56,12
DA:61,20
DA:62,20
DA:63,20
DA:64,7
DA:66,13
DA:68,7
DA:72,6
LF:26
LH:26
BRDA:19,0,0,75
BRDA:19,0,1,74
BRDA:20,1,0,47
BRDA:20,1,1,28
BRDA:37,2,0,1
BRDA:37,2,1,1
BRDA:51,3,0,12
BRDA:51,3,1,26
BRDA:51,4,0,38
BRDA:51,4,1,31
BRDA:63,5,0,7
BRDA:63,5,1,13
BRDA:63,6,0,20
BRDA:63,6,1,16
BRDA:63,6,2,7
BRF:15
BRH:15
end_of_record
TN:
SF:models/_testCommon.js
FN:8,commonBeforeAll
FN:45,(anonymous_1)
FN:48,commonBeforeEach
FN:52,commonAfterEach
FN:56,commonAfterAll
FNF:5
FNH:5
FNDA:3,commonBeforeAll
FNDA:12,(anonymous_1)
FNDA:45,commonBeforeEach
FNDA:45,commonAfterEach
FNDA:3,commonAfterAll
DA:1,3
DA:3,3
DA:4,3
DA:6,3
DA:10,3
DA:12,3
DA:14,3
DA:16,3
DA:22,3
DA:38,3
DA:45,12
DA:49,45
DA:53,45
DA:57,3
DA:60,3
LF:15
LH:15
BRF:0
BRH:0
end_of_record
TN:
SF:models/company.js
FN:19,(anonymous_0)
FN:47,(anonymous_1)
FN:65,(anonymous_2)
FN:91,(anonymous_3)
FN:122,(anonymous_4)
FN:150,(anonymous_5)
FNF:6
FNH:6
FNDA:16,(anonymous_0)
FNDA:3,(anonymous_1)
FNDA:4,(anonymous_2)
FNDA:6,(anonymous_3)
FNDA:6,(anonymous_4)
FNDA:4,(anonymous_5)
DA:3,6
DA:4,6
DA:5,6
DA:20,16
DA:27,16
DA:28,1
DA:30,15
DA:37,15
DA:39,15
DA:48,3
DA:57,2
DA:66,4
DA:67,4
DA:77,4
DA:78,1
DA:80,3
DA:92,6
DA:103,6
DA:105,6
DA:107,3
DA:123,6
DA:127,5
DA:129,5
DA:137,5
DA:138,5
DA:140,5
DA:142,3
DA:151,4
DA:158,4
DA:160,4
DA:164,6
LF:31
LH:31
BRDA:27,0,0,1
BRDA:27,0,1,15
BRDA:77,1,0,1
BRDA:77,1,1,3
BRDA:105,2,0,3
BRDA:105,2,1,3
BRDA:140,3,0,2
BRDA:140,3,1,3
BRDA:160,4,0,2
BRDA:160,4,1,2
BRF:10
BRH:10
end_of_record
TN:
SF:models/job.js
FN:17,(anonymous_0)
FN:35,(anonymous_1)
FN:54,(anonymous_2)
FN:80,(anonymous_3)
FN:112,(anonymous_4)
FN:137,(anonymous_5)
FNF:6
FNH:6
FNDA:18,(anonymous_0)
FNDA:7,(anonymous_1)
FNDA:5,(anonymous_2)
FNDA:3,(anonymous_3)
FNDA:6,(anonymous_4)
FNDA:4,(anonymous_5)
DA:3,6
DA:4,6
DA:5,6
DA:18,18
DA:25,18
DA:27,18
DA:36,7
DA:46,6
DA:55,5
DA:56,5
DA:68,5
DA:69,1
DA:71,4
DA:81,3
DA:94,3
DA:96,3
DA:98,2
DA:113,6
DA:114,5
DA:116,5
DA:124,5
DA:125,5
DA:127,5
DA:129,3
DA:138,4
DA:145,4
DA:147,4
DA:148,2
DA:153,6
LF:29
LH:29
BRDA:68,0,0,1
BRDA:68,0,1,4
BRDA:96,1,0,1
BRDA:96,1,1,2
BRDA:127,2,0,2
BRDA:127,2,1,3
BRDA:147,3,0,2
BRDA:147,3,1,2
BRF:8
BRH:8
end_of_record
TN:
SF:models/user.js
FN:24,(anonymous_0)
FN:59,(anonymous_1)
FN:104,(anonymous_2)
FN:126,(anonymous_3)
FN:162,(anonymous_4)
FN:195,(anonymous_5)
FNF:6
FNH:6
FNDA:7,(anonymous_0)
FNDA:23,(anonymous_1)
FNDA:3,(anonymous_2)
FNDA:5,(anonymous_3)
FNDA:8,(anonymous_4)
FNDA:5,(anonymous_5)
DA:3,6
DA:4,6
DA:5,6
DA:10,6
DA:12,6
DA:26,7
DA:38,7
DA:40,7
DA:42,4
DA:43,4
DA:44,3
DA:45,3
DA:49,4
DA:61,23
DA:68,23
DA:69,1
DA:72,22
DA:74,22
DA:94,22
DA:96,22
DA:105,3
DA:115,2
DA:127,5
DA:138,5
DA:140,5
DA:142,3
DA:163,8
DA:164,2
DA:167,8
DA:174,7
DA:176,7
DA:184,7
DA:185,7
DA:187,7
DA:189,5
DA:190,5
DA:196,5
DA:203,5
DA:205,5
DA:210,6
LF:40
LH:40
BRDA:40,0,0,4
BRDA:40,0,1,3
BRDA:43,1,0,3
BRDA:43,1,1,1
BRDA:68,2,0,1
BRDA:68,2,1,22
BRDA:140,3,0,2
BRDA:140,3,1,3
BRDA:163,4,0,2
BRDA:163,4,1,6
BRDA:187,5,0,2
BRDA:187,5,1,5
BRDA:205,6,0,2
BRDA:205,6,1,3
BRF:14
BRH:14
end_of_record
TN:
SF:routes/_testCommon.js
FN:10,commonBeforeAll
FN:96,(anonymous_1)
FN:99,commonBeforeEach
FN:103,commonAfterEach
FN:107,commonAfterAll
FNF:5
FNH:5
FNDA:4,commonBeforeAll
FNDA:16,(anonymous_1)
FNDA:69,commonBeforeEach
FNDA:69,commonAfterEach
FNDA:4,commonAfterAll
DA:3,4
DA:4,4
DA:5,4
DA:6,4
DA:7,4
DA:8,4
DA:12,4
DA:14,4
DA:16,4
DA:23,4
DA:30,4
DA:38,4
DA:46,4
DA:54,4
DA:62,4
DA:71,4
DA:77,4
DA:83,4
DA:89,4
DA:95,4
DA:96,16
DA:100,69
DA:104,69
DA:108,4
DA:111,4
DA:113,4
DA:115,4
LF:27
LH:27
BRF:0
BRH:0
end_of_record
TN:
SF:routes/auth.js
FN:22,(anonymous_0)
FN:26,(anonymous_1)
FN:49,(anonymous_2)
FN:53,(anonymous_3)
FNF:4
FNH:4
FNDA:5,(anonymous_0)
FNDA:2,(anonymous_1)
FNDA:3,(anonymous_2)
FNDA:5,(anonymous_3)
DA:5,5
DA:7,5
DA:8,5
DA:9,5
DA:10,5
DA:11,5
DA:12,5
DA:13,5
DA:22,5
DA:23,5
DA:24,5
DA:25,5
DA:26,2
DA:27,2
DA:30,3
DA:31,3
DA:32,1
DA:33,1
DA:35,4
DA:49,5
DA:50,3
DA:51,3
DA:52,3
DA:53,5
DA:54,2
DA:57,1
DA:58,1
DA:59,1
DA:61,2
DA:66,5
LF:30
LH:30
BRDA:25,0,0,2
BRDA:25,0,1,3
BRDA:52,1,0,2
BRDA:52,1,1,1
BRF:4
BRH:4
end_of_record
TN:
SF:routes/companies.js
FN:26,(anonymous_0)
FN:30,(anonymous_1)
FN:52,(anonymous_2)
FN:76,(anonymous_3)
FN:96,(anonymous_4)
FN:100,(anonymous_5)
FN:116,(anonymous_6)
FNF:7
FNH:7
FNDA:3,(anonymous_0)
FNDA:3,(anonymous_1)
FNDA:2,(anonymous_2)
FNDA:4,(anonymous_3)
FNDA:4,(anonymous_4)
FNDA:2,(anonymous_5)
FNDA:2,(anonymous_6)
DA:5,5
DA:6,5
DA:8,5
DA:9,5
DA:10,5
DA:12,5
DA:13,5
DA:15,5
DA:26,5
DA:27,3
DA:28,3
DA:29,3
DA:30,3
DA:31,2
DA:34,1
DA:35,1
DA:37,2
DA:52,5
DA:56,2
DA:57,2
DA:58,2
DA:59,1
DA:61,0
DA:62,0
DA:64,1
DA:76,5
DA:77,4
DA:78,4
DA:79,2
DA:81,2
DA:96,5
DA:97,4
DA:98,4
DA:99,4
DA:100,2
DA:101,2
DA:104,2
DA:105,1
DA:107,3
DA:116,5
DA:117,2
DA:118,2
DA:119,1
DA:121,1
DA:125,5
LF:45
LH:43
BRDA:29,0,0,2
BRDA:29,0,1,1
BRDA:57,1,0,2
BRDA:57,1,1,0
BRDA:99,2,0,2
BRDA:99,2,1,2
BRF:6
BRH:5
end_of_record
TN:
SF:routes/jobs.js
FN:28,(anonymous_0)
FN:32,(anonymous_1)
FN:47,(anonymous_2)
FN:62,(anonymous_3)
FN:82,(anonymous_4)
FN:86,(anonymous_5)
FN:100,(anonymous_6)
FNF:7
FNH:7
FNDA:3,(anonymous_0)
FNDA:3,(anonymous_1)
FNDA:2,(anonymous_2)
FNDA:1,(anonymous_3)
FNDA:5,(anonymous_4)
FNDA:3,(anonymous_5)
FNDA:2,(anonymous_6)
DA:5,5
DA:6,5
DA:8,5
DA:9,5
DA:10,5
DA:12,5
DA:13,5
DA:18,5
DA:28,5
DA:29,3
DA:30,3
DA:31,3
DA:32,3
DA:33,2
DA:35,1
DA:36,1
DA:38,2
DA:47,5
DA:48,2
DA:49,2
DA:50,1
DA:52,1
DA:62,5
DA:63,1
DA:64,1
DA:65,1
DA:67,0
DA:82,5
DA:83,5
DA:84,5
DA:85,5
DA:86,3
DA:87,3
DA:89,2
DA:90,1
DA:92,4
DA:100,5
DA:101,2
DA:102,2
DA:103,1
DA:105,1
DA:109,5
LF:42
LH:41
BRDA:31,0,0,2
BRDA:31,0,1,1
BRDA:85,1,0,3
BRDA:85,1,1,2
BRF:4
BRH:4
end_of_record
TN:
SF:routes/users.js
FN:33,(anonymous_0)
FN:37,(anonymous_1)
FN:56,(anonymous_2)
FN:75,(anonymous_3)
FN:98,(anonymous_4)
FN:102,(anonymous_5)
FN:122,(anonymous_6)
FNF:7
FNH:7
FNDA:4,(anonymous_0)
FNDA:5,(anonymous_1)
FNDA:2,(anonymous_2)
FNDA:3,(anonymous_3)
FNDA:5,(anonymous_4)
FNDA:1,(anonymous_5)
FNDA:3,(anonymous_6)
DA:5,5
DA:7,5
DA:12,5
DA:13,5
DA:14,5
DA:15,5
DA:16,5
DA:17,5
DA:19,5
DA:33,5
DA:34,4
DA:35,4
DA:36,4
DA:37,5
DA:38,2
DA:41,2
DA:42,2
DA:43,2
DA:45,2
DA:56,5
DA:57,2
DA:58,2
DA:59,1
DA:61,1
DA:72,5
DA:76,3
DA:77,3
DA:78,2
DA:80,1
DA:95,5
DA:99,5
DA:100,5
DA:101,5
DA:102,1
DA:103,1
DA:106,4
DA:107,3
DA:109,2
DA:119,5
DA:123,3
DA:124,3
DA:125,2
DA:127,1
DA:132,5
LF:44
LH:44
BRDA:36,0,0,2
BRDA:36,0,1,2
BRDA:101,1,0,1
BRDA:101,1,1,4
BRF:4
BRH:4
end_of_record
