TN:
SF:app.js
FN:32,(anonymous_0)
FN:37,(anonymous_1)
FNF:2
FNH:2
FNDA:2,(anonymous_0)
FNDA:30,(anonymous_1)
DA:5,4
DA:6,4
DA:8,4
DA:10,4
DA:11,4
DA:12,4
DA:13,4
DA:15,4
DA:16,4
DA:18,4
DA:20,4
DA:21,4
DA:22,4
DA:23,4
DA:24,4
DA:25,4
DA:27,4
DA:28,4
DA:29,4
DA:32,4
DA:33,2
DA:37,4
DA:38,30
DA:39,30
DA:40,30
DA:42,30
DA:47,4
LF:27
LH:27
BRDA:38,0,0,1
BRDA:38,0,1,29
BRDA:39,1,0,30
BRDA:39,1,1,2
BRF:4
BRH:4
end_of_record
TN:
SF:config.js
FN:13,getDatabaseUri
FNF:1
FNH:1
FNDA:18,getDatabaseUri
DA:5,9
DA:6,9
DA:8,9
DA:10,9
DA:14,18
DA:22,9
DA:24,9
DA:25,9
DA:26,9
DA:27,9
DA:28,9
DA:29,9
DA:31,9
LF:13
LH:13
BRDA:8,0,0,9
BRDA:8,0,1,8
BRDA:10,1,0,9
BRDA:10,1,1,8
BRDA:14,2,0,15
BRDA:14,2,1,3
BRDA:16,3,0,3
BRDA:16,3,1,1
BRDA:22,4,0,8
BRDA:22,4,1,1
BRF:10
BRH:10
end_of_record
TN:
SF:db.js
FNF:0
FNH:0
DA:5,6
DA:6,6
DA:8,6
DA:12,6
DA:14,6
LF:5
LH:5
BRF:0
BRH:0
end_of_record
TN:
SF:expressError.js
FN:8,(anonymous_0)
FN:18,(anonymous_1)
FN:26,(anonymous_2)
FN:34,(anonymous_3)
FN:42,(anonymous_4)
FNF:5
FNH:4
FNDA:45,(anonymous_0)
FNDA:14,(anonymous_1)
FNDA:13,(anonymous_2)
FNDA:18,(anonymous_3)
FNDA:0,(anonymous_4)
DA:9,45
DA:10,45
DA:11,45
DA:19,14
DA:27,13
DA:35,18
DA:43,0
DA:47,8
LF:8
LH:7
BRDA:18,0,0,2
BRDA:26,1,0,9
BRDA:34,2,0,0
BRDA:42,3,0,0
BRF:4
BRH:2
end_of_record
TN:
SF:helpers/sql.js
FN:18,sqlForPartialUpdate
FN:24,(anonymous_1)
FN:39,sqlForCompanyFilter
FNF:3
FNH:3
FNDA:15,sqlForPartialUpdate
FNDA:25,(anonymous_1)
FNDA:8,sqlForCompanyFilter
DA:1,7
DA:2,7
DA:19,15
DA:20,15
DA:23,12
DA:24,25
DA:27,12
DA:40,8
DA:41,8
DA:42,1
DA:44,7
DA:45,1
DA:47,6
DA:48,6
DA:49,13
DA:50,5
DA:51,5
DA:52,8
DA:53,4
DA:54,4
DA:55,3
DA:57,1
DA:61,5
DA:67,7
LF:24
LH:24
BRDA:20,0,0,3
BRDA:20,0,1,12
BRDA:24,1,0,25
BRDA:24,1,1,11
BRDA:41,2,0,1
BRDA:41,2,1,7
BRDA:44,3,0,1
BRDA:44,3,1,6
BRDA:49,4,0,5
BRDA:49,4,1,8
BRDA:52,5,0,4
BRDA:52,5,1,4
BRDA:54,6,0,3
BRDA:54,6,1,1
BRF:14
BRH:14
end_of_record
TN:
SF:helpers/tokens.js
FN:6,createToken
FNF:1
FNH:1
FNDA:13,createToken
DA:1,5
DA:2,5
DA:7,13
DA:10,13
DA:15,13
DA:18,5
LF:6
LH:6
BRDA:12,0,0,13
BRDA:12,0,1,8
BRF:2
BRH:2
end_of_record
TN:
SF:middleware/auth.js
FN:17,authenticateJWT
FN:35,ensureLoggedIn
FN:49,ensureAdmin
FNF:3
FNH:3
FNDA:48,authenticateJWT
FNDA:16,ensureLoggedIn
FNDA:18,ensureAdmin
DA:5,5
DA:6,5
DA:7,5
DA:18,48
DA:19,48
DA:20,48
DA:21,26
DA:22,26
DA:24,47
DA:26,1
DA:36,16
DA:37,16
DA:38,11
DA:40,5
DA:50,18
DA:51,18
DA:52,4
DA:54,14
DA:56,4
DA:60,5
LF:20
LH:20
BRDA:19,0,0,48
BRDA:19,0,1,47
BRDA:20,1,0,26
BRDA:20,1,1,22
BRDA:37,2,0,5
BRDA:37,2,1,11
BRDA:51,3,0,4
BRDA:51,3,1,14
BRDA:51,4,0,18
BRDA:51,4,1,15
BRF:10
BRH:10
end_of_record
TN:
SF:models/_testCommon.js
FN:6,commonBeforeAll
FN:33,commonBeforeEach
FN:37,commonAfterEach
FN:41,commonAfterAll
FNF:4
FNH:4
FNDA:2,commonBeforeAll
FNDA:30,commonBeforeEach
FNDA:30,commonAfterEach
FNDA:2,commonAfterAll
DA:1,2
DA:3,2
DA:4,2
DA:8,2
DA:10,2
DA:12,2
DA:18,2
DA:34,30
DA:38,30
DA:42,2
DA:46,2
LF:11
LH:11
BRF:0
BRH:0
end_of_record
TN:
SF:models/company.js
FN:19,(anonymous_0)
FN:47,(anonymous_1)
FN:65,(anonymous_2)
FN:91,(anonymous_3)
FN:122,(anonymous_4)
FN:150,(anonymous_5)
FNF:6
FNH:6
FNDA:13,(anonymous_0)
FNDA:3,(anonymous_1)
FNDA:4,(anonymous_2)
FNDA:5,(anonymous_3)
FNDA:6,(anonymous_4)
FNDA:4,(anonymous_5)
DA:3,5
DA:4,5
DA:5,5
DA:20,13
DA:27,13
DA:28,1
DA:30,12
DA:37,12
DA:39,12
DA:48,3
DA:57,2
DA:66,4
DA:67,4
DA:77,4
DA:78,1
DA:80,3
DA:92,5
DA:103,5
DA:105,5
DA:107,3
DA:123,6
DA:127,5
DA:129,5
DA:137,5
DA:138,5
DA:140,5
DA:142,3
DA:151,4
DA:158,4
DA:160,4
DA:164,5
LF:31
LH:31
BRDA:27,0,0,1
BRDA:27,0,1,12
BRDA:77,1,0,1
BRDA:77,1,1,3
BRDA:105,2,0,2
BRDA:105,2,1,3
BRDA:140,3,0,2
BRDA:140,3,1,3
BRDA:160,4,0,2
BRDA:160,4,1,2
BRF:10
BRH:10
end_of_record
TN:
SF:models/user.js
FN:24,(anonymous_0)
FN:59,(anonymous_1)
FN:104,(anonymous_2)
FN:126,(anonymous_3)
FN:162,(anonymous_4)
FN:195,(anonymous_5)
FNF:6
FNH:6
FNDA:7,(anonymous_0)
FNDA:19,(anonymous_1)
FNDA:3,(anonymous_2)
FNDA:4,(anonymous_3)
FNDA:7,(anonymous_4)
FNDA:4,(anonymous_5)
DA:3,5
DA:4,5
DA:5,5
DA:10,5
DA:12,5
DA:26,7
DA:38,7
DA:40,7
DA:42,4
DA:43,4
DA:44,3
DA:45,3
DA:49,4
DA:61,19
DA:68,19
DA:69,1
DA:72,18
DA:74,18
DA:94,18
DA:96,18
DA:105,3
DA:115,2
DA:127,4
DA:138,4
DA:140,4
DA:142,2
DA:163,7
DA:164,2
DA:167,7
DA:174,6
DA:176,6
DA:184,6
DA:185,6
DA:187,6
DA:189,4
DA:190,4
DA:196,4
DA:203,4
DA:205,4
DA:210,5
LF:40
LH:40
BRDA:40,0,0,4
BRDA:40,0,1,3
BRDA:43,1,0,3
BRDA:43,1,1,1
BRDA:68,2,0,1
BRDA:68,2,1,18
BRDA:140,3,0,2
BRDA:140,3,1,2
BRDA:163,4,0,2
BRDA:163,4,1,5
BRDA:187,5,0,2
BRDA:187,5,1,4
BRDA:205,6,0,2
BRDA:205,6,1,2
BRF:14
BRH:14
end_of_record
TN:
SF:routes/_testCommon.js
FN:8,commonBeforeAll
FN:70,commonBeforeEach
FN:74,commonAfterEach
FN:78,commonAfterAll
FNF:4
FNH:4
FNDA:3,commonBeforeAll
FNDA:43,commonBeforeEach
FNDA:43,commonAfterEach
FNDA:3,commonAfterAll
DA:3,3
DA:4,3
DA:5,3
DA:6,3
DA:10,3
DA:12,3
DA:14,3
DA:21,3
DA:28,3
DA:36,3
DA:44,3
DA:52,3
DA:60,3
DA:71,43
DA:75,43
DA:79,3
DA:82,3
DA:84,3
DA:86,3
LF:19
LH:19
BRF:0
BRH:0
end_of_record
TN:
SF:routes/auth.js
FN:22,(anonymous_0)
FN:26,(anonymous_1)
FN:49,(anonymous_2)
FN:53,(anonymous_3)
FNF:4
FNH:4
FNDA:5,(anonymous_0)
FNDA:2,(anonymous_1)
FNDA:3,(anonymous_2)
FNDA:5,(anonymous_3)
DA:5,4
DA:7,4
DA:8,4
DA:9,4
DA:10,4
DA:11,4
DA:12,4
DA:13,4
DA:22,4
DA:23,5
DA:24,5
DA:25,5
DA:26,2
DA:27,2
DA:30,3
DA:31,3
DA:32,1
DA:33,1
DA:35,4
DA:49,4
DA:50,3
DA:51,3
DA:52,3
DA:53,5
DA:54,2
DA:57,1
DA:58,1
DA:59,1
DA:61,2
DA:66,4
LF:30
LH:30
BRDA:25,0,0,2
BRDA:25,0,1,3
BRDA:52,1,0,2
BRDA:52,1,1,1
BRF:4
BRH:4
end_of_record
TN:
SF:routes/companies.js
FN:26,(anonymous_0)
FN:30,(anonymous_1)
FN:52,(anonymous_2)
FN:76,(anonymous_3)
FN:96,(anonymous_4)
FN:100,(anonymous_5)
FN:116,(anonymous_6)
FNF:7
FNH:7
FNDA:3,(anonymous_0)
FNDA:3,(anonymous_1)
FNDA:2,(anonymous_2)
FNDA:3,(anonymous_3)
FNDA:4,(anonymous_4)
FNDA:2,(anonymous_5)
FNDA:2,(anonymous_6)
DA:5,4
DA:6,4
DA:8,4
DA:9,4
DA:10,4
DA:12,4
DA:13,4
DA:15,4
DA:26,4
DA:27,3
DA:28,3
DA:29,3
DA:30,3
DA:31,2
DA:34,1
DA:35,1
DA:37,2
DA:52,4
DA:56,2
DA:57,2
DA:58,2
DA:59,1
DA:61,0
DA:62,0
DA:64,1
DA:76,4
DA:77,3
DA:78,3
DA:79,2
DA:81,1
DA:96,4
DA:97,4
DA:98,4
DA:99,4
DA:100,2
DA:101,2
DA:104,2
DA:105,1
DA:107,3
DA:116,4
DA:117,2
DA:118,2
DA:119,1
DA:121,1
DA:125,4
LF:45
LH:43
BRDA:29,0,0,2
BRDA:29,0,1,1
BRDA:57,1,0,2
BRDA:57,1,1,0
BRDA:99,2,0,2
BRDA:99,2,1,2
BRF:6
BRH:5
end_of_record
TN:
SF:routes/users.js
FN:29,(anonymous_0)
FN:33,(anonymous_1)
FN:52,(anonymous_2)
FN:68,(anonymous_3)
FN:87,(anonymous_4)
FN:91,(anonymous_5)
FN:107,(anonymous_6)
FNF:7
FNH:7
FNDA:4,(anonymous_0)
FNDA:5,(anonymous_1)
FNDA:2,(anonymous_2)
FNDA:2,(anonymous_3)
FNDA:4,(anonymous_4)
FNDA:1,(anonymous_5)
FNDA:2,(anonymous_6)
DA:5,4
DA:7,4
DA:8,4
DA:9,4
DA:10,4
DA:11,4
DA:12,4
DA:13,4
DA:15,4
DA:29,4
DA:30,4
DA:31,4
DA:32,4
DA:33,5
DA:34,2
DA:37,2
DA:38,2
DA:39,2
DA:41,2
DA:52,4
DA:53,2
DA:54,2
DA:55,1
DA:57,1
DA:68,4
DA:69,2
DA:70,2
DA:71,1
DA:73,1
DA:87,4
DA:88,4
DA:89,4
DA:90,4
DA:91,1
DA:92,1
DA:95,3
DA:96,2
DA:98,2
DA:107,4
DA:108,2
DA:109,2
DA:110,1
DA:112,1
DA:116,4
LF:44
LH:44
BRDA:32,0,0,2
BRDA:32,0,1,2
BRDA:90,1,0,1
BRDA:90,1,1,3
BRF:4
BRH:4
end_of_record
